101.11.21 14:27 B D:\Eigene Daten\Emulator\www.phantasystar.org\wl\cw-web\Descr.WD3 --> synbios.net /home/wolfgang/www/cw-web Descr.WD3
101.11.21 14:27 B D:\Eigene Daten\Emulator\www.phantasystar.org\wl\cw-web\map03.gif --> synbios.net /home/wolfgang/www/cw-web map03.gif
101.11.21 14:27 B D:\Eigene Daten\Emulator\www.phantasystar.org\wl\cw-web\tut_icon.gif --> synbios.net /home/wolfgang/www/cw-web tut_icon.gif
101.11.21 14:27 B D:\Eigene Daten\Emulator\www.phantasystar.org\wl\cw-web\map14.jpg --> synbios.net /home/wolfgang/www/cw-web map14.jpg
101.11.21 14:27 B D:\Eigene Daten\Emulator\www.phantasystar.org\wl\cw-web\cyklo_icon.gif --> synbios.net /home/wolfgang/www/cw-web cyklo_icon.gif
101.11.21 14:27 B D:\Eigene Daten\Emulator\www.phantasystar.org\wl\cw-web\map13.gif --> synbios.net /home/wolfgang/www/cw-web map13.gif
101.11.21 14:27 B D:\Eigene Daten\Emulator\www.phantasystar.org\wl\cw-web\hero06.htm --> synbios.net /home/wolfgang/www/cw-web hero06.htm
101.11.21 14:27 B D:\Eigene Daten\Emulator\www.phantasystar.org\wl\cw-web\skorp.gif --> synbios.net /home/wolfgang/www/cw-web skorp.gif
101.11.21 14:27 B D:\Eigene Daten\Emulator\www.phantasystar.org\wl\cw-web\grivn.gif --> synbios.net /home/wolfgang/www/cw-web grivn.gif
101.11.21 14:27 B D:\Eigene Daten\Emulator\www.phantasystar.org\wl\cw-web\geni_icon.gif --> synbios.net /home/wolfgang/www/cw-web geni_icon.gif
101.11.21 14:27 B D:\Eigene Daten\Emulator\www.phantasystar.org\wl\cw-web\ub03.gif --> synbios.net /home/wolfgang/www/cw-web ub03.gif
101.11.21 14:27 B D:\Eigene Daten\Emulator\www.phantasystar.org\wl\cw-web\town01_future.gif --> synbios.net /home/wolfgang/www/cw-web town01_future.gif
101.11.21 14:27 B D:\Eigene Daten\Emulator\www.phantasystar.org\wl\cw-web\map16.gif --> synbios.net /home/wolfgang/www/cw-web map16.gif
101.11.21 14:27 B D:\Eigene Daten\Emulator\www.phantasystar.org\wl\cw-web\map11.gif --> synbios.net /home/wolfgang/www/cw-web map11.gif
101.11.21 14:27 B D:\Eigene Daten\Emulator\www.phantasystar.org\wl\cw-web\map10.gif --> synbios.net /home/wolfgang/www/cw-web map10.gif
101.11.21 14:27 B D:\Eigene Daten\Emulator\www.phantasystar.org\wl\cw-web\map04.gif --> synbios.net /home/wolfgang/www/cw-web map04.gif
101.11.21 14:27 B D:\Eigene Daten\Emulator\www.phantasystar.org\wl\cw-web\map12.gif --> synbios.net /home/wolfgang/www/cw-web map12.gif
101.11.21 14:27 B D:\Eigene Daten\Emulator\www.phantasystar.org\wl\cw-web\map02.gif --> synbios.net /home/wolfgang/www/cw-web map02.gif
101.11.21 14:27 B D:\Eigene Daten\Emulator\www.phantasystar.org\wl\cw-web\town08.htm --> synbios.net /home/wolfgang/www/cw-web town08.htm
101.11.21 14:27 B D:\Eigene Daten\Emulator\www.phantasystar.org\wl\cw-web\boost.gif --> synbios.net /home/wolfgang/www/cw-web boost.gif
101.11.21 14:27 B D:\Eigene Daten\Emulator\www.phantasystar.org\wl\cw-web\sethe.gif --> synbios.net /home/wolfgang/www/cw-web sethe.gif
101.11.21 14:27 B D:\Eigene Daten\Emulator\www.phantasystar.org\wl\cw-web\oryon.gif --> synbios.net /home/wolfgang/www/cw-web oryon.gif
101.11.21 14:27 B D:\Eigene Daten\Emulator\www.phantasystar.org\wl\cw-web\pb02.gif --> synbios.net /home/wolfgang/www/cw-web pb02.gif
101.11.21 14:28 B D:\Eigene Daten\Emulator\www.phantasystar.org\wl\cw-web\gb03.gif --> synbios.net /home/wolfgang/www/cw-web gb03.gif
101.11.21 14:28 B D:\Eigene Daten\Emulator\www.phantasystar.org\wl\cw-web\harpy_icon.gif --> synbios.net /home/wolfgang/www/cw-web harpy_icon.gif
101.11.21 14:28 B D:\Eigene Daten\Emulator\www.phantasystar.org\wl\cw-web\siren_icon.gif --> synbios.net /home/wolfgang/www/cw-web siren_icon.gif
101.11.21 14:28 B D:\Eigene Daten\Emulator\www.phantasystar.org\wl\cw-web\title.jpg --> synbios.net /home/wolfgang/www/cw-web title.jpg
101.11.21 14:28 B D:\Eigene Daten\Emulator\www.phantasystar.org\wl\cw-web\map05.gif --> synbios.net /home/wolfgang/www/cw-web map05.gif
101.11.21 14:28 B D:\Eigene Daten\Emulator\www.phantasystar.org\wl\cw-web\map06.gif --> synbios.net /home/wolfgang/www/cw-web map06.gif
101.11.21 14:28 B D:\Eigene Daten\Emulator\www.phantasystar.org\wl\cw-web\map08.gif --> synbios.net /home/wolfgang/www/cw-web map08.gif
101.11.21 14:28 B D:\Eigene Daten\Emulator\www.phantasystar.org\wl\cw-web\map10.jpg --> synbios.net /home/wolfgang/www/cw-web map10.jpg
101.11.21 14:28 B D:\Eigene Daten\Emulator\www.phantasystar.org\wl\cw-web\battle13.htm --> synbios.net /home/wolfgang/www/cw-web battle13.htm
101.11.21 14:28 B D:\Eigene Daten\Emulator\www.phantasystar.org\wl\cw-web\battle04.htm --> synbios.net /home/wolfgang/www/cw-web battle04.htm
101.11.21 14:28 B D:\Eigene Daten\Emulator\www.phantasystar.org\wl\cw-web\battle10.htm --> synbios.net /home/wolfgang/www/cw-web battle10.htm
101.11.21 14:28 B D:\Eigene Daten\Emulator\www.phantasystar.org\wl\cw-web\battle16.htm --> synbios.net /home/wolfgang/www/cw-web battle16.htm
101.11.21 14:28 B D:\Eigene Daten\Emulator\www.phantasystar.org\wl\cw-web\battle02.htm --> synbios.net /home/wolfgang/www/cw-web battle02.htm
101.11.21 14:28 B D:\Eigene Daten\Emulator\www.phantasystar.org\wl\cw-web\elements.gif --> synbios.net /home/wolfgang/www/cw-web elements.gif
101.11.21 14:28 B D:\Eigene Daten\Emulator\www.phantasystar.org\wl\cw-web\grym.gif --> synbios.net /home/wolfgang/www/cw-web grym.gif
101.11.21 14:28 B D:\Eigene Daten\Emulator\www.phantasystar.org\wl\cw-web\ratt.gif --> synbios.net /home/wolfgang/www/cw-web ratt.gif
101.11.21 14:28 B D:\Eigene Daten\Emulator\www.phantasystar.org\wl\cw-web\tenta.gif --> synbios.net /home/wolfgang/www/cw-web tenta.gif
101.11.21 14:28 B D:\Eigene Daten\Emulator\www.phantasystar.org\wl\cw-web\wurm.gif --> synbios.net /home/wolfgang/www/cw-web wurm.gif
101.11.21 14:28 B D:\Eigene Daten\Emulator\www.phantasystar.org\wl\cw-web\fenix.gif --> synbios.net /home/wolfgang/www/cw-web fenix.gif
101.11.21 14:28 B D:\Eigene Daten\Emulator\www.phantasystar.org\wl\cw-web\sb01.gif --> synbios.net /home/wolfgang/www/cw-web sb01.gif
101.11.21 14:28 B D:\Eigene Daten\Emulator\www.phantasystar.org\wl\cw-web\hydra_icon.gif --> synbios.net /home/wolfgang/www/cw-web hydra_icon.gif
101.11.21 14:28 B D:\Eigene Daten\Emulator\www.phantasystar.org\wl\cw-web\grivn_icon.gif --> synbios.net /home/wolfgang/www/cw-web grivn_icon.gif
101.11.21 14:28 B D:\Eigene Daten\Emulator\www.phantasystar.org\wl\cw-web\aquan_icon.gif --> synbios.net /home/wolfgang/www/cw-web aquan_icon.gif
101.11.21 14:28 B D:\Eigene Daten\Emulator\www.phantasystar.org\wl\cw-web\wurm_icon.gif --> synbios.net /home/wolfgang/www/cw-web wurm_icon.gif
101.11.21 14:28 B D:\Eigene Daten\Emulator\www.phantasystar.org\wl\cw-web\future_icon.gif --> synbios.net /home/wolfgang/www/cw-web future_icon.gif
101.11.21 14:28 B D:\Eigene Daten\Emulator\www.phantasystar.org\wl\cw-web\map15.gif --> synbios.net /home/wolfgang/www/cw-web map15.gif
101.11.21 14:28 B D:\Eigene Daten\Emulator\www.phantasystar.org\wl\cw-web\map09.gif --> synbios.net /home/wolfgang/www/cw-web map09.gif
101.11.21 14:28 B D:\Eigene Daten\Emulator\www.phantasystar.org\wl\cw-web\map14.gif --> synbios.net /home/wolfgang/www/cw-web map14.gif
101.11.21 14:28 B D:\Eigene Daten\Emulator\www.phantasystar.org\wl\cw-web\map07.gif --> synbios.net /home/wolfgang/www/cw-web map07.gif
101.11.21 14:28 B D:\Eigene Daten\Emulator\www.phantasystar.org\wl\cw-web\map01.gif --> synbios.net /home/wolfgang/www/cw-web map01.gif
101.11.21 14:28 B D:\Eigene Daten\Emulator\www.phantasystar.org\wl\cw-web\cw-story.gif --> synbios.net /home/wolfgang/www/cw-web cw-story.gif
101.11.21 14:28 B D:\Eigene Daten\Emulator\www.phantasystar.org\wl\cw-web\fire_blaze.gif --> synbios.net /home/wolfgang/www/cw-web fire_blaze.gif
101.11.21 14:28 B D:\Eigene Daten\Emulator\www.phantasystar.org\wl\cw-web\town01.htm --> synbios.net /home/wolfgang/www/cw-web town01.htm
101.11.21 14:28 B D:\Eigene Daten\Emulator\www.phantasystar.org\wl\cw-web\map04.jpg --> synbios.net /home/wolfgang/www/cw-web map04.jpg
101.11.21 14:28 B D:\Eigene Daten\Emulator\www.phantasystar.org\wl\cw-web\hero01.htm --> synbios.net /home/wolfgang/www/cw-web hero01.htm
101.11.21 14:28 B D:\Eigene Daten\Emulator\www.phantasystar.org\wl\cw-web\map12.jpg --> synbios.net /home/wolfgang/www/cw-web map12.jpg
101.11.21 14:28 B D:\Eigene Daten\Emulator\www.phantasystar.org\wl\cw-web\town12.htm --> synbios.net /home/wolfgang/www/cw-web town12.htm
101.11.21 14:28 B D:\Eigene Daten\Emulator\www.phantasystar.org\wl\cw-web\sleep.gif --> synbios.net /home/wolfgang/www/cw-web sleep.gif
101.11.21 14:28 B D:\Eigene Daten\Emulator\www.phantasystar.org\wl\cw-web\battle06.htm --> synbios.net /home/wolfgang/www/cw-web battle06.htm
101.11.21 14:28 B D:\Eigene Daten\Emulator\www.phantasystar.org\wl\cw-web\map07.jpg --> synbios.net /home/wolfgang/www/cw-web map07.jpg
101.11.21 14:28 B D:\Eigene Daten\Emulator\www.phantasystar.org\wl\cw-web\battle08.htm --> synbios.net /home/wolfgang/www/cw-web battle08.htm
101.11.21 14:28 B D:\Eigene Daten\Emulator\www.phantasystar.org\wl\cw-web\hero12.htm --> synbios.net /home/wolfgang/www/cw-web hero12.htm
101.11.21 14:28 B D:\Eigene Daten\Emulator\www.phantasystar.org\wl\cw-web\jyn_icon.gif --> synbios.net /home/wolfgang/www/cw-web jyn_icon.gif
101.11.21 14:28 B D:\Eigene Daten\Emulator\www.phantasystar.org\wl\cw-web\fenix_icon.gif --> synbios.net /home/wolfgang/www/cw-web fenix_icon.gif
101.11.21 14:28 B D:\Eigene Daten\Emulator\www.phantasystar.org\wl\cw-web\dayne.gif --> synbios.net /home/wolfgang/www/cw-web dayne.gif
101.11.21 14:28 B D:\Eigene Daten\Emulator\www.phantasystar.org\wl\cw-web\town01_right.gif --> synbios.net /home/wolfgang/www/cw-web town01_right.gif
101.11.21 14:28 B D:\Eigene Daten\Emulator\www.phantasystar.org\wl\cw-web\zephi.gif --> synbios.net /home/wolfgang/www/cw-web zephi.gif
101.11.21 14:28 B D:\Eigene Daten\Emulator\www.phantasystar.org\wl\cw-web\repti.gif --> synbios.net /home/wolfgang/www/cw-web repti.gif
101.11.21 14:28 B D:\Eigene Daten\Emulator\www.phantasystar.org\wl\cw-web\morbi.gif --> synbios.net /home/wolfgang/www/cw-web morbi.gif
101.11.21 14:28 B D:\Eigene Daten\Emulator\www.phantasystar.org\wl\cw-web\orkus.gif --> synbios.net /home/wolfgang/www/cw-web orkus.gif
101.11.21 14:28 B D:\Eigene Daten\Emulator\www.phantasystar.org\wl\cw-web\aquan.gif --> synbios.net /home/wolfgang/www/cw-web aquan.gif
101.11.21 14:28 B D:\Eigene Daten\Emulator\www.phantasystar.org\wl\cw-web\evius.gif --> synbios.net /home/wolfgang/www/cw-web evius.gif
101.11.21 14:28 B D:\Eigene Daten\Emulator\www.phantasystar.org\wl\cw-web\geni.gif --> synbios.net /home/wolfgang/www/cw-web geni.gif
101.11.21 14:28 B D:\Eigene Daten\Emulator\www.phantasystar.org\wl\cw-web\siren.gif --> synbios.net /home/wolfgang/www/cw-web siren.gif
101.11.21 14:28 B D:\Eigene Daten\Emulator\www.phantasystar.org\wl\cw-web\tut.gif --> synbios.net /home/wolfgang/www/cw-web tut.gif
101.11.21 14:28 B D:\Eigene Daten\Emulator\www.phantasystar.org\wl\cw-web\harpy.gif --> synbios.net /home/wolfgang/www/cw-web harpy.gif
101.11.21 14:28 B D:\Eigene Daten\Emulator\www.phantasystar.org\wl\cw-web\golem.gif --> synbios.net /home/wolfgang/www/cw-web golem.gif
101.11.21 14:28 B D:\Eigene Daten\Emulator\www.phantasystar.org\wl\cw-web\hydra.gif --> synbios.net /home/wolfgang/www/cw-web hydra.gif
101.11.21 14:28 B D:\Eigene Daten\Emulator\www.phantasystar.org\wl\cw-web\cyklo.gif --> synbios.net /home/wolfgang/www/cw-web cyklo.gif
101.11.21 14:28 B D:\Eigene Daten\Emulator\www.phantasystar.org\wl\cw-web\wisp.gif --> synbios.net /home/wolfgang/www/cw-web wisp.gif
101.11.21 14:28 B D:\Eigene Daten\Emulator\www.phantasystar.org\wl\cw-web\repti_icon.gif --> synbios.net /home/wolfgang/www/cw-web repti_icon.gif
101.11.21 14:28 B D:\Eigene Daten\Emulator\www.phantasystar.org\wl\cw-web\eb03.gif --> synbios.net /home/wolfgang/www/cw-web eb03.gif
101.11.21 14:28 B D:\Eigene Daten\Emulator\www.phantasystar.org\wl\cw-web\tenta_icon.gif --> synbios.net /home/wolfgang/www/cw-web tenta_icon.gif
101.11.21 14:28 B D:\Eigene Daten\Emulator\www.phantasystar.org\wl\cw-web\pyro_icon.gif --> synbios.net /home/wolfgang/www/cw-web pyro_icon.gif
101.11.21 14:28 B D:\Eigene Daten\Emulator\www.phantasystar.org\wl\cw-web\skorp_icon.gif --> synbios.net /home/wolfgang/www/cw-web skorp_icon.gif
101.11.21 14:28 B D:\Eigene Daten\Emulator\www.phantasystar.org\wl\cw-web\aya_icon.gif --> synbios.net /home/wolfgang/www/cw-web aya_icon.gif
101.11.21 14:28 B D:\Eigene Daten\Emulator\www.phantasystar.org\wl\cw-web\wisp_icon.gif --> synbios.net /home/wolfgang/www/cw-web wisp_icon.gif
101.11.21 14:28 B D:\Eigene Daten\Emulator\www.phantasystar.org\wl\cw-web\evius_icon.gif --> synbios.net /home/wolfgang/www/cw-web evius_icon.gif
101.11.21 14:28 B D:\Eigene Daten\Emulator\www.phantasystar.org\wl\cw-web\arium_icon.gif --> synbios.net /home/wolfgang/www/cw-web arium_icon.gif
101.11.21 14:28 B D:\Eigene Daten\Emulator\www.phantasystar.org\wl\cw-web\golem_icon.gif --> synbios.net /home/wolfgang/www/cw-web golem_icon.gif
101.11.21 14:28 B D:\Eigene Daten\Emulator\www.phantasystar.org\wl\cw-web\magic_icon.gif --> synbios.net /home/wolfgang/www/cw-web magic_icon.gif
101.11.21 14:28 B D:\Eigene Daten\Emulator\www.phantasystar.org\wl\cw-web\monster.htm --> synbios.net /home/wolfgang/www/cw-web monster.htm
101.11.21 14:28 B D:\Eigene Daten\Emulator\www.phantasystar.org\wl\cw-web\cold_frost.gif --> synbios.net /home/wolfgang/www/cw-web cold_frost.gif
101.11.21 14:28 B D:\Eigene Daten\Emulator\www.phantasystar.org\wl\cw-web\map05.jpg --> synbios.net /home/wolfgang/www/cw-web map05.jpg
101.11.21 14:28 B D:\Eigene Daten\Emulator\www.phantasystar.org\wl\cw-web\map06.jpg --> synbios.net /home/wolfgang/www/cw-web map06.jpg
101.11.21 14:28 B D:\Eigene Daten\Emulator\www.phantasystar.org\wl\cw-web\town10.htm --> synbios.net /home/wolfgang/www/cw-web town10.htm
101.11.21 14:28 B D:\Eigene Daten\Emulator\www.phantasystar.org\wl\cw-web\map15.jpg --> synbios.net /home/wolfgang/www/cw-web map15.jpg
101.11.21 14:28 B D:\Eigene Daten\Emulator\www.phantasystar.org\wl\cw-web\town06.htm --> synbios.net /home/wolfgang/www/cw-web town06.htm
101.11.21 14:28 B D:\Eigene Daten\Emulator\www.phantasystar.org\wl\cw-web\map03.jpg --> synbios.net /home/wolfgang/www/cw-web map03.jpg
101.11.21 14:28 B D:\Eigene Daten\Emulator\www.phantasystar.org\wl\cw-web\town14.htm --> synbios.net /home/wolfgang/www/cw-web town14.htm
101.11.21 14:28 B D:\Eigene Daten\Emulator\www.phantasystar.org\wl\cw-web\town03.htm --> synbios.net /home/wolfgang/www/cw-web town03.htm
101.11.21 14:28 B D:\Eigene Daten\Emulator\www.phantasystar.org\wl\cw-web\map09.jpg --> synbios.net /home/wolfgang/www/cw-web map09.jpg
101.11.21 14:28 B D:\Eigene Daten\Emulator\www.phantasystar.org\wl\cw-web\map13.jpg --> synbios.net /home/wolfgang/www/cw-web map13.jpg
101.11.21 14:28 B D:\Eigene Daten\Emulator\www.phantasystar.org\wl\cw-web\map16.jpg --> synbios.net /home/wolfgang/www/cw-web map16.jpg
101.11.21 14:29 B D:\Eigene Daten\Emulator\www.phantasystar.org\wl\cw-web\map11.jpg --> synbios.net /home/wolfgang/www/cw-web map11.jpg
101.11.21 14:29 B D:\Eigene Daten\Emulator\www.phantasystar.org\wl\cw-web\map02.jpg --> synbios.net /home/wolfgang/www/cw-web map02.jpg
101.11.21 14:29 B D:\Eigene Daten\Emulator\www.phantasystar.org\wl\cw-web\life.gif --> synbios.net /home/wolfgang/www/cw-web life.gif
101.11.21 14:29 B D:\Eigene Daten\Emulator\www.phantasystar.org\wl\cw-web\map01.jpg --> synbios.net /home/wolfgang/www/cw-web map01.jpg
101.11.21 14:29 B D:\Eigene Daten\Emulator\www.phantasystar.org\wl\cw-web\battle05.htm --> synbios.net /home/wolfgang/www/cw-web battle05.htm
101.11.21 14:29 B D:\Eigene Daten\Emulator\www.phantasystar.org\wl\cw-web\battle09.htm --> synbios.net /home/wolfgang/www/cw-web battle09.htm
101.11.21 14:29 B D:\Eigene Daten\Emulator\www.phantasystar.org\wl\cw-web\map08.jpg --> synbios.net /home/wolfgang/www/cw-web map08.jpg
101.11.21 14:29 B D:\Eigene Daten\Emulator\www.phantasystar.org\wl\cw-web\battle11.htm --> synbios.net /home/wolfgang/www/cw-web battle11.htm
101.11.21 14:29 B D:\Eigene Daten\Emulator\www.phantasystar.org\wl\cw-web\battle07.htm --> synbios.net /home/wolfgang/www/cw-web battle07.htm
101.11.21 14:29 B D:\Eigene Daten\Emulator\www.phantasystar.org\wl\cw-web\battle12.htm --> synbios.net /home/wolfgang/www/cw-web battle12.htm
101.11.21 14:29 B D:\Eigene Daten\Emulator\www.phantasystar.org\wl\cw-web\battle03.htm --> synbios.net /home/wolfgang/www/cw-web battle03.htm
101.11.21 14:29 B D:\Eigene Daten\Emulator\www.phantasystar.org\wl\cw-web\crystal1.gif --> synbios.net /home/wolfgang/www/cw-web crystal1.gif
101.11.21 14:29 B D:\Eigene Daten\Emulator\www.phantasystar.org\wl\cw-web\hero08.htm --> synbios.net /home/wolfgang/www/cw-web hero08.htm
101.11.21 14:29 B D:\Eigene Daten\Emulator\www.phantasystar.org\wl\cw-web\battle15.htm --> synbios.net /home/wolfgang/www/cw-web battle15.htm
101.11.21 14:29 B D:\Eigene Daten\Emulator\www.phantasystar.org\wl\cw-web\hero14.htm --> synbios.net /home/wolfgang/www/cw-web hero14.htm
101.11.21 14:29 B D:\Eigene Daten\Emulator\www.phantasystar.org\wl\cw-web\battle14.htm --> synbios.net /home/wolfgang/www/cw-web battle14.htm
101.11.21 14:29 B D:\Eigene Daten\Emulator\www.phantasystar.org\wl\cw-web\hero03.htm --> synbios.net /home/wolfgang/www/cw-web hero03.htm
101.11.21 14:29 B D:\Eigene Daten\Emulator\www.phantasystar.org\wl\cw-web\battle01.htm --> synbios.net /home/wolfgang/www/cw-web battle01.htm
101.11.21 14:29 B D:\Eigene Daten\Emulator\www.phantasystar.org\wl\cw-web\grym_icon.gif --> synbios.net /home/wolfgang/www/cw-web grym_icon.gif
101.11.21 14:29 B D:\Eigene Daten\Emulator\www.phantasystar.org\wl\cw-web\ragar.gif --> synbios.net /home/wolfgang/www/cw-web ragar.gif
101.11.21 14:29 B D:\Eigene Daten\Emulator\www.phantasystar.org\wl\cw-web\nadar.gif --> synbios.net /home/wolfgang/www/cw-web nadar.gif
101.11.21 14:29 B D:\Eigene Daten\Emulator\www.phantasystar.org\wl\cw-web\arium.gif --> synbios.net /home/wolfgang/www/cw-web arium.gif
101.11.21 14:29 B D:\Eigene Daten\Emulator\www.phantasystar.org\wl\cw-web\town01_left.gif --> synbios.net /home/wolfgang/www/cw-web town01_left.gif
101.11.21 14:29 B D:\Eigene Daten\Emulator\www.phantasystar.org\wl\cw-web\sophi.gif --> synbios.net /home/wolfgang/www/cw-web sophi.gif
101.11.21 14:29 B D:\Eigene Daten\Emulator\www.phantasystar.org\wl\cw-web\werm.gif --> synbios.net /home/wolfgang/www/cw-web werm.gif
101.11.21 14:29 B D:\Eigene Daten\Emulator\www.phantasystar.org\wl\cw-web\bane.gif --> synbios.net /home/wolfgang/www/cw-web bane.gif
101.11.21 14:29 B D:\Eigene Daten\Emulator\www.phantasystar.org\wl\cw-web\flare.gif --> synbios.net /home/wolfgang/www/cw-web flare.gif
101.11.21 14:29 B D:\Eigene Daten\Emulator\www.phantasystar.org\wl\cw-web\singer.gif --> synbios.net /home/wolfgang/www/cw-web singer.gif
101.11.21 14:29 B D:\Eigene Daten\Emulator\www.phantasystar.org\wl\cw-web\murak.gif --> synbios.net /home/wolfgang/www/cw-web murak.gif
101.11.21 14:29 B D:\Eigene Daten\Emulator\www.phantasystar.org\wl\cw-web\kem.gif --> synbios.net /home/wolfgang/www/cw-web kem.gif
101.11.21 14:29 B D:\Eigene Daten\Emulator\www.phantasystar.org\wl\cw-web\eldor.gif --> synbios.net /home/wolfgang/www/cw-web eldor.gif
101.11.21 14:29 B D:\Eigene Daten\Emulator\www.phantasystar.org\wl\cw-web\town07-right.gif --> synbios.net /home/wolfgang/www/cw-web town07-right.gif
101.11.21 14:29 B D:\Eigene Daten\Emulator\www.phantasystar.org\wl\cw-web\cw-start.gif --> synbios.net /home/wolfgang/www/cw-web cw-start.gif
101.11.21 14:29 B D:\Eigene Daten\Emulator\www.phantasystar.org\wl\cw-web\manual.htm --> synbios.net /home/wolfgang/www/cw-web manual.htm
101.11.21 14:29 B D:\Eigene Daten\Emulator\www.phantasystar.org\wl\cw-web\bb02.gif --> synbios.net /home/wolfgang/www/cw-web bb02.gif
101.11.21 14:29 B D:\Eigene Daten\Emulator\www.phantasystar.org\wl\cw-web\rs-2.gif --> synbios.net /home/wolfgang/www/cw-web rs-2.gif
101.11.21 14:29 B D:\Eigene Daten\Emulator\www.phantasystar.org\wl\cw-web\tb02.gif --> synbios.net /home/wolfgang/www/cw-web tb02.gif
101.11.21 14:29 B D:\Eigene Daten\Emulator\www.phantasystar.org\wl\cw-web\shad_icon.gif --> synbios.net /home/wolfgang/www/cw-web shad_icon.gif
101.11.21 14:29 B D:\Eigene Daten\Emulator\www.phantasystar.org\wl\cw-web\back.gif --> synbios.net /home/wolfgang/www/cw-web back.gif
101.11.21 14:29 B D:\Eigene Daten\Emulator\www.phantasystar.org\wl\cw-web\dayne_icon.gif --> synbios.net /home/wolfgang/www/cw-web dayne_icon.gif
101.11.21 14:29 B D:\Eigene Daten\Emulator\www.phantasystar.org\wl\cw-web\murak_icon.gif --> synbios.net /home/wolfgang/www/cw-web murak_icon.gif
101.11.21 14:29 B D:\Eigene Daten\Emulator\www.phantasystar.org\wl\cw-web\armor_icon.gif --> synbios.net /home/wolfgang/www/cw-web armor_icon.gif
101.11.21 14:29 B D:\Eigene Daten\Emulator\www.phantasystar.org\wl\cw-web\inn_icon.gif --> synbios.net /home/wolfgang/www/cw-web inn_icon.gif
101.11.21 14:29 B D:\Eigene Daten\Emulator\www.phantasystar.org\wl\cw-web\title1.gif --> synbios.net /home/wolfgang/www/cw-web title1.gif
101.11.21 14:29 B D:\Eigene Daten\Emulator\www.phantasystar.org\wl\cw-web\town01.gif --> synbios.net /home/wolfgang/www/cw-web town01.gif
101.11.21 14:29 B D:\Eigene Daten\Emulator\www.phantasystar.org\wl\cw-web\scan.gif --> synbios.net /home/wolfgang/www/cw-web scan.gif
101.11.21 14:29 B D:\Eigene Daten\Emulator\www.phantasystar.org\wl\cw-web\peace.gif --> synbios.net /home/wolfgang/www/cw-web peace.gif
101.11.21 14:29 B D:\Eigene Daten\Emulator\www.phantasystar.org\wl\cw-web\dark.gif --> synbios.net /home/wolfgang/www/cw-web dark.gif
101.11.21 14:29 B D:\Eigene Daten\Emulator\www.phantasystar.org\wl\cw-web\segalogo2.gif --> synbios.net /home/wolfgang/www/cw-web segalogo2.gif
101.11.21 14:29 B D:\Eigene Daten\Emulator\www.phantasystar.org\wl\cw-web\flash_bolt.gif --> synbios.net /home/wolfgang/www/cw-web flash_bolt.gif
101.11.21 14:29 B D:\Eigene Daten\Emulator\www.phantasystar.org\wl\cw-web\town04.htm --> synbios.net /home/wolfgang/www/cw-web town04.htm
101.11.21 14:29 B D:\Eigene Daten\Emulator\www.phantasystar.org\wl\cw-web\hero10.htm --> synbios.net /home/wolfgang/www/cw-web hero10.htm
101.11.21 14:29 B D:\Eigene Daten\Emulator\www.phantasystar.org\wl\cw-web\town15.htm --> synbios.net /home/wolfgang/www/cw-web town15.htm
101.11.21 14:29 B D:\Eigene Daten\Emulator\www.phantasystar.org\wl\cw-web\town02.htm --> synbios.net /home/wolfgang/www/cw-web town02.htm
101.11.21 14:29 B D:\Eigene Daten\Emulator\www.phantasystar.org\wl\cw-web\hero05.htm --> synbios.net /home/wolfgang/www/cw-web hero05.htm
101.11.21 14:29 B D:\Eigene Daten\Emulator\www.phantasystar.org\wl\cw-web\drain.gif --> synbios.net /home/wolfgang/www/cw-web drain.gif
101.11.21 14:29 B D:\Eigene Daten\Emulator\www.phantasystar.org\wl\cw-web\battles.htm --> synbios.net /home/wolfgang/www/cw-web battles.htm
101.11.21 14:29 B D:\Eigene Daten\Emulator\www.phantasystar.org\wl\cw-web\hero11.htm --> synbios.net /home/wolfgang/www/cw-web hero11.htm
101.11.21 14:29 B D:\Eigene Daten\Emulator\www.phantasystar.org\wl\cw-web\town11.htm --> synbios.net /home/wolfgang/www/cw-web town11.htm
101.11.21 14:29 B D:\Eigene Daten\Emulator\www.phantasystar.org\wl\cw-web\town13.htm --> synbios.net /home/wolfgang/www/cw-web town13.htm
101.11.21 14:29 B D:\Eigene Daten\Emulator\www.phantasystar.org\wl\cw-web\title.gif --> synbios.net /home/wolfgang/www/cw-web title.gif
101.11.21 14:29 B D:\Eigene Daten\Emulator\www.phantasystar.org\wl\cw-web\town09.htm --> synbios.net /home/wolfgang/www/cw-web town09.htm
101.11.21 14:29 B D:\Eigene Daten\Emulator\www.phantasystar.org\wl\cw-web\town05.htm --> synbios.net /home/wolfgang/www/cw-web town05.htm
101.11.21 14:29 B D:\Eigene Daten\Emulator\www.phantasystar.org\wl\cw-web\town07.htm --> synbios.net /home/wolfgang/www/cw-web town07.htm
101.11.21 14:29 B D:\Eigene Daten\Emulator\www.phantasystar.org\wl\cw-web\chant.gif --> synbios.net /home/wolfgang/www/cw-web chant.gif
101.11.21 14:29 B D:\Eigene Daten\Emulator\www.phantasystar.org\wl\cw-web\heal.gif --> synbios.net /home/wolfgang/www/cw-web heal.gif
101.11.21 14:29 B D:\Eigene Daten\Emulator\www.phantasystar.org\wl\cw-web\hero13.htm --> synbios.net /home/wolfgang/www/cw-web hero13.htm
101.11.21 14:29 B D:\Eigene Daten\Emulator\www.phantasystar.org\wl\cw-web\hero09.htm --> synbios.net /home/wolfgang/www/cw-web hero09.htm
101.11.21 14:29 B D:\Eigene Daten\Emulator\www.phantasystar.org\wl\cw-web\hero04.htm --> synbios.net /home/wolfgang/www/cw-web hero04.htm
101.11.21 14:29 B D:\Eigene Daten\Emulator\www.phantasystar.org\wl\cw-web\hero07.htm --> synbios.net /home/wolfgang/www/cw-web hero07.htm
101.11.21 14:29 B D:\Eigene Daten\Emulator\www.phantasystar.org\wl\cw-web\hero02.htm --> synbios.net /home/wolfgang/www/cw-web hero02.htm
101.11.21 14:29 B D:\Eigene Daten\Emulator\www.phantasystar.org\wl\cw-web\jyn.gif --> synbios.net /home/wolfgang/www/cw-web jyn.gif
101.11.21 14:29 B D:\Eigene Daten\Emulator\www.phantasystar.org\wl\cw-web\iris.gif --> synbios.net /home/wolfgang/www/cw-web iris.gif
101.11.21 14:29 B D:\Eigene Daten\Emulator\www.phantasystar.org\wl\cw-web\tyrin.gif --> synbios.net /home/wolfgang/www/cw-web tyrin.gif
101.11.21 14:29 B D:\Eigene Daten\Emulator\www.phantasystar.org\wl\cw-web\elsid.gif --> synbios.net /home/wolfgang/www/cw-web elsid.gif
101.11.21 14:29 B D:\Eigene Daten\Emulator\www.phantasystar.org\wl\cw-web\shad.gif --> synbios.net /home/wolfgang/www/cw-web shad.gif
101.11.21 14:29 B D:\Eigene Daten\Emulator\www.phantasystar.org\wl\cw-web\madd.gif --> synbios.net /home/wolfgang/www/cw-web madd.gif
101.11.21 14:29 B D:\Eigene Daten\Emulator\www.phantasystar.org\wl\cw-web\rus.gif --> synbios.net /home/wolfgang/www/cw-web rus.gif
101.11.21 14:29 B D:\Eigene Daten\Emulator\www.phantasystar.org\wl\cw-web\brast.gif --> synbios.net /home/wolfgang/www/cw-web brast.gif
101.11.21 14:29 B D:\Eigene Daten\Emulator\www.phantasystar.org\wl\cw-web\town01_armor.gif --> synbios.net /home/wolfgang/www/cw-web town01_armor.gif
101.11.21 14:29 B D:\Eigene Daten\Emulator\www.phantasystar.org\wl\cw-web\pyro.gif --> synbios.net /home/wolfgang/www/cw-web pyro.gif
101.11.21 14:29 B D:\Eigene Daten\Emulator\www.phantasystar.org\wl\cw-web\town01_magic.gif --> synbios.net /home/wolfgang/www/cw-web town01_magic.gif
101.11.21 14:29 B D:\Eigene Daten\Emulator\www.phantasystar.org\wl\cw-web\aya.gif --> synbios.net /home/wolfgang/www/cw-web aya.gif
101.11.21 14:29 B D:\Eigene Daten\Emulator\www.phantasystar.org\wl\cw-web\damun.gif --> synbios.net /home/wolfgang/www/cw-web damun.gif
101.11.21 14:30 B D:\Eigene Daten\Emulator\www.phantasystar.org\wl\cw-web\romi.gif --> synbios.net /home/wolfgang/www/cw-web romi.gif
101.11.21 14:30 B D:\Eigene Daten\Emulator\www.phantasystar.org\wl\cw-web\borm.gif --> synbios.net /home/wolfgang/www/cw-web borm.gif
101.11.21 14:30 B D:\Eigene Daten\Emulator\www.phantasystar.org\wl\cw-web\frye.gif --> synbios.net /home/wolfgang/www/cw-web frye.gif
101.11.21 14:30 B D:\Eigene Daten\Emulator\www.phantasystar.org\wl\cw-web\town11-right.gif --> synbios.net /home/wolfgang/www/cw-web town11-right.gif
101.11.21 14:30 B D:\Eigene Daten\Emulator\www.phantasystar.org\wl\cw-web\town01_inn.gif --> synbios.net /home/wolfgang/www/cw-web town01_inn.gif
101.11.21 14:30 B D:\Eigene Daten\Emulator\www.phantasystar.org\wl\cw-web\town03-both.gif --> synbios.net /home/wolfgang/www/cw-web town03-both.gif
101.11.21 14:30 B D:\Eigene Daten\Emulator\www.phantasystar.org\wl\cw-web\rus_icon.gif --> synbios.net /home/wolfgang/www/cw-web rus_icon.gif
101.11.21 14:30 B D:\Eigene Daten\Emulator\www.phantasystar.org\wl\cw-web\story.htm --> synbios.net /home/wolfgang/www/cw-web story.htm
101.11.21 14:30 B D:\Eigene Daten\Emulator\www.phantasystar.org\wl\cw-web\morbi_icon.gif --> synbios.net /home/wolfgang/www/cw-web morbi_icon.gif
101.11.21 14:30 B D:\Eigene Daten\Emulator\www.phantasystar.org\wl\cw-web\lb01.gif --> synbios.net /home/wolfgang/www/cw-web lb01.gif
101.11.21 14:30 B D:\Eigene Daten\Emulator\www.phantasystar.org\wl\cw-web\eb01.gif --> synbios.net /home/wolfgang/www/cw-web eb01.gif
101.11.21 14:30 B D:\Eigene Daten\Emulator\www.phantasystar.org\wl\cw-web\mb02.gif --> synbios.net /home/wolfgang/www/cw-web mb02.gif
101.11.21 14:30 B D:\Eigene Daten\Emulator\www.phantasystar.org\wl\cw-web\lb03.gif --> synbios.net /home/wolfgang/www/cw-web lb03.gif
101.11.21 14:30 B D:\Eigene Daten\Emulator\www.phantasystar.org\wl\cw-web\hb02.gif --> synbios.net /home/wolfgang/www/cw-web hb02.gif
101.11.21 14:30 B D:\Eigene Daten\Emulator\www.phantasystar.org\wl\cw-web\ub01.gif --> synbios.net /home/wolfgang/www/cw-web ub01.gif
101.11.21 14:30 B D:\Eigene Daten\Emulator\www.phantasystar.org\wl\cw-web\ps-1.gif --> synbios.net /home/wolfgang/www/cw-web ps-1.gif
101.11.21 14:30 B D:\Eigene Daten\Emulator\www.phantasystar.org\wl\cw-web\madd_icon.gif --> synbios.net /home/wolfgang/www/cw-web madd_icon.gif
101.11.21 14:30 B D:\Eigene Daten\Emulator\www.phantasystar.org\wl\cw-web\gb01.gif --> synbios.net /home/wolfgang/www/cw-web gb01.gif
101.11.21 14:30 B D:\Eigene Daten\Emulator\www.phantasystar.org\wl\cw-web\iris_icon.gif --> synbios.net /home/wolfgang/www/cw-web iris_icon.gif
101.11.21 14:30 B D:\Eigene Daten\Emulator\www.phantasystar.org\wl\cw-web\ratt_icon.gif --> synbios.net /home/wolfgang/www/cw-web ratt_icon.gif
101.11.21 14:30 B D:\Eigene Daten\Emulator\www.phantasystar.org\wl\cw-web\werm_icon.gif --> synbios.net /home/wolfgang/www/cw-web werm_icon.gif
101.11.21 14:30 B D:\Eigene Daten\Emulator\www.phantasystar.org\wl\cw-web\nadar_icon.gif --> synbios.net /home/wolfgang/www/cw-web nadar_icon.gif
101.11.21 14:30 B D:\Eigene Daten\Emulator\www.phantasystar.org\wl\cw-web\frye_icon.gif --> synbios.net /home/wolfgang/www/cw-web frye_icon.gif
101.11.21 14:30 B D:\Eigene Daten\Emulator\www.phantasystar.org\wl\cw-web\damun_icon.gif --> synbios.net /home/wolfgang/www/cw-web damun_icon.gif
101.11.21 14:30 B D:\Eigene Daten\Emulator\www.phantasystar.org\wl\cw-web\ragar_icon.gif --> synbios.net /home/wolfgang/www/cw-web ragar_icon.gif
101.11.21 14:30 B D:\Eigene Daten\Emulator\www.phantasystar.org\wl\cw-web\eldor_icon.gif --> synbios.net /home/wolfgang/www/cw-web eldor_icon.gif
101.11.21 14:30 B D:\Eigene Daten\Emulator\www.phantasystar.org\wl\cw-web\unknown_icon.gif --> synbios.net /home/wolfgang/www/cw-web unknown_icon.gif
101.11.21 14:30 B D:\Eigene Daten\Emulator\www.phantasystar.org\wl\cw-web\oo.gif --> synbios.net /home/wolfgang/www/cw-web oo.gif
101.11.21 14:30 B D:\Eigene Daten\Emulator\www.phantasystar.org\wl\cw-web\dummy.gif --> synbios.net /home/wolfgang/www/cw-web dummy.gif
101.11.21 14:30 B D:\Eigene Daten\Emulator\www.phantasystar.org\wl\cw-web\enemy.htm --> synbios.net /home/wolfgang/www/cw-web enemy.htm
101.11.21 14:30 B D:\Eigene Daten\Emulator\www.phantasystar.org\wl\cw-web\heroes.htm --> synbios.net /home/wolfgang/www/cw-web heroes.htm
101.11.21 14:30 B D:\Eigene Daten\Emulator\www.phantasystar.org\wl\cw-web\element.htm --> synbios.net /home/wolfgang/www/cw-web element.htm
101.11.21 14:30 B D:\Eigene Daten\Emulator\www.phantasystar.org\wl\cw-web\towns.htm --> synbios.net /home/wolfgang/www/cw-web towns.htm
101.11.21 14:30 B D:\Eigene Daten\Emulator\www.phantasystar.org\wl\cw-web\magic.htm --> synbios.net /home/wolfgang/www/cw-web magic.htm
101.11.21 14:30 B D:\Eigene Daten\Emulator\www.phantasystar.org\wl\cw-web\people.htm --> synbios.net /home/wolfgang/www/cw-web people.htm
101.11.21 14:30 B D:\Eigene Daten\Emulator\www.phantasystar.org\wl\cw-web\bottom.htm --> synbios.net /home/wolfgang/www/cw-web bottom.htm
101.11.21 14:30 B D:\Eigene Daten\Emulator\www.phantasystar.org\wl\cw-web\lb02.gif --> synbios.net /home/wolfgang/www/cw-web lb02.gif
101.11.21 14:30 B D:\Eigene Daten\Emulator\www.phantasystar.org\wl\cw-web\mb01.gif --> synbios.net /home/wolfgang/www/cw-web mb01.gif
101.11.21 14:30 B D:\Eigene Daten\Emulator\www.phantasystar.org\wl\cw-web\eb02.gif --> synbios.net /home/wolfgang/www/cw-web eb02.gif
101.11.21 14:30 B D:\Eigene Daten\Emulator\www.phantasystar.org\wl\cw-web\rs-1.gif --> synbios.net /home/wolfgang/www/cw-web rs-1.gif
101.11.21 14:30 B D:\Eigene Daten\Emulator\www.phantasystar.org\wl\cw-web\bb01.gif --> synbios.net /home/wolfgang/www/cw-web bb01.gif
101.11.21 14:30 B D:\Eigene Daten\Emulator\www.phantasystar.org\wl\cw-web\mb03.gif --> synbios.net /home/wolfgang/www/cw-web mb03.gif
101.11.21 14:30 B D:\Eigene Daten\Emulator\www.phantasystar.org\wl\cw-web\hb01.gif --> synbios.net /home/wolfgang/www/cw-web hb01.gif
101.11.21 14:30 B D:\Eigene Daten\Emulator\www.phantasystar.org\wl\cw-web\ub02.gif --> synbios.net /home/wolfgang/www/cw-web ub02.gif
101.11.21 14:30 B D:\Eigene Daten\Emulator\www.phantasystar.org\wl\cw-web\pb01.gif --> synbios.net /home/wolfgang/www/cw-web pb01.gif
101.11.21 14:30 B D:\Eigene Daten\Emulator\www.phantasystar.org\wl\cw-web\bb03.gif --> synbios.net /home/wolfgang/www/cw-web bb03.gif
101.11.21 14:30 B D:\Eigene Daten\Emulator\www.phantasystar.org\wl\cw-web\ps-2.gif --> synbios.net /home/wolfgang/www/cw-web ps-2.gif
101.11.21 14:30 B D:\Eigene Daten\Emulator\www.phantasystar.org\wl\cw-web\rs-3.gif --> synbios.net /home/wolfgang/www/cw-web rs-3.gif
101.11.21 14:30 B D:\Eigene Daten\Emulator\www.phantasystar.org\wl\cw-web\hb03.gif --> synbios.net /home/wolfgang/www/cw-web hb03.gif
101.11.21 14:30 B D:\Eigene Daten\Emulator\www.phantasystar.org\wl\cw-web\tb01.gif --> synbios.net /home/wolfgang/www/cw-web tb01.gif
101.11.21 14:30 B D:\Eigene Daten\Emulator\www.phantasystar.org\wl\cw-web\pb03.gif --> synbios.net /home/wolfgang/www/cw-web pb03.gif
101.11.21 14:30 B D:\Eigene Daten\Emulator\www.phantasystar.org\wl\cw-web\gb02.gif --> synbios.net /home/wolfgang/www/cw-web gb02.gif
101.11.21 14:30 B D:\Eigene Daten\Emulator\www.phantasystar.org\wl\cw-web\sb02.gif --> synbios.net /home/wolfgang/www/cw-web sb02.gif
101.11.21 14:30 B D:\Eigene Daten\Emulator\www.phantasystar.org\wl\cw-web\ps-3.gif --> synbios.net /home/wolfgang/www/cw-web ps-3.gif
101.11.21 14:30 B D:\Eigene Daten\Emulator\www.phantasystar.org\wl\cw-web\sb03.gif --> synbios.net /home/wolfgang/www/cw-web sb03.gif
101.11.21 14:30 B D:\Eigene Daten\Emulator\www.phantasystar.org\wl\cw-web\tb03.gif --> synbios.net /home/wolfgang/www/cw-web tb03.gif
101.11.21 14:30 B D:\Eigene Daten\Emulator\www.phantasystar.org\wl\cw-web\spec01.htm --> synbios.net /home/wolfgang/www/cw-web spec01.htm
101.11.21 14:30 B D:\Eigene Daten\Emulator\www.phantasystar.org\wl\cw-web\button1.htm --> synbios.net /home/wolfgang/www/cw-web button1.htm
101.11.21 14:30 B D:\Eigene Daten\Emulator\www.phantasystar.org\wl\cw-web\choose.htm --> synbios.net /home/wolfgang/www/cw-web choose.htm
