2003.02.13 22:42 B I:\Wolfgang\PhantasyStar-Web\psi-web\ps_midis\battle_theme.mid --> synbios.net /home/wolfgang/www/psi-web/ps_midis battle_theme.mid
2003.02.13 22:42 B I:\Wolfgang\PhantasyStar-Web\psi-web\ps_midis\cave_theme.mid --> synbios.net /home/wolfgang/www/psi-web/ps_midis cave_theme.mid
2003.02.13 22:42 B I:\Wolfgang\PhantasyStar-Web\psi-web\ps_midis\church_theme.mid --> synbios.net /home/wolfgang/www/psi-web/ps_midis church_theme.mid
2003.02.13 22:42 B I:\Wolfgang\PhantasyStar-Web\psi-web\ps_midis\conversation_theme.mid --> synbios.net /home/wolfgang/www/psi-web/ps_midis conversation_theme.mid
2003.02.13 22:43 B I:\Wolfgang\PhantasyStar-Web\psi-web\ps_midis\dark_force_theme01.mid --> synbios.net /home/wolfgang/www/psi-web/ps_midis dark_force_theme01.mid
2003.02.13 22:43 B I:\Wolfgang\PhantasyStar-Web\psi-web\ps_midis\dark_force_theme02.mid --> synbios.net /home/wolfgang/www/psi-web/ps_midis dark_force_theme02.mid
2003.02.13 22:43 B I:\Wolfgang\PhantasyStar-Web\psi-web\ps_midis\dark_force_theme03.mid --> synbios.net /home/wolfgang/www/psi-web/ps_midis dark_force_theme03.mid
2003.02.13 22:43 B I:\Wolfgang\PhantasyStar-Web\psi-web\ps_midis\dezoris_theme01.mid --> synbios.net /home/wolfgang/www/psi-web/ps_midis dezoris_theme01.mid
2003.02.13 22:43 B I:\Wolfgang\PhantasyStar-Web\psi-web\ps_midis\dungeon_theme01.mid --> synbios.net /home/wolfgang/www/psi-web/ps_midis dungeon_theme01.mid
2003.02.13 22:43 B I:\Wolfgang\PhantasyStar-Web\psi-web\ps_midis\dungeon_theme02.mid --> synbios.net /home/wolfgang/www/psi-web/ps_midis dungeon_theme02.mid
2003.02.13 22:43 B I:\Wolfgang\PhantasyStar-Web\psi-web\ps_midis\dungeon_theme03.mid --> synbios.net /home/wolfgang/www/psi-web/ps_midis dungeon_theme03.mid
2003.02.13 22:43 B I:\Wolfgang\PhantasyStar-Web\psi-web\ps_midis\ending_theme.mid --> synbios.net /home/wolfgang/www/psi-web/ps_midis ending_theme.mid
2003.02.13 22:43 B I:\Wolfgang\PhantasyStar-Web\psi-web\ps_midis\gameover.mid --> synbios.net /home/wolfgang/www/psi-web/ps_midis gameover.mid
2003.02.13 22:43 B I:\Wolfgang\PhantasyStar-Web\psi-web\ps_midis\intro_theme.mid --> synbios.net /home/wolfgang/www/psi-web/ps_midis intro_theme.mid
2003.02.13 22:43 B I:\Wolfgang\PhantasyStar-Web\psi-web\ps_midis\landrover_theme.mid --> synbios.net /home/wolfgang/www/psi-web/ps_midis landrover_theme.mid
2003.02.13 22:43 B I:\Wolfgang\PhantasyStar-Web\psi-web\ps_midis\lassic_theme.mid --> synbios.net /home/wolfgang/www/psi-web/ps_midis lassic_theme.mid
2003.02.13 22:43 B I:\Wolfgang\PhantasyStar-Web\psi-web\ps_midis\motavia_theme.mid --> synbios.net /home/wolfgang/www/psi-web/ps_midis motavia_theme.mid
2003.02.13 22:43 B I:\Wolfgang\PhantasyStar-Web\psi-web\ps_midis\music.htm --> synbios.net /home/wolfgang/www/psi-web/ps_midis music.htm
2003.02.13 22:43 B I:\Wolfgang\PhantasyStar-Web\psi-web\ps_midis\music01.htm --> synbios.net /home/wolfgang/www/psi-web/ps_midis music01.htm
2003.02.13 22:43 B I:\Wolfgang\PhantasyStar-Web\psi-web\ps_midis\music02.htm --> synbios.net /home/wolfgang/www/psi-web/ps_midis music02.htm
2003.02.13 22:43 B I:\Wolfgang\PhantasyStar-Web\psi-web\ps_midis\music03.htm --> synbios.net /home/wolfgang/www/psi-web/ps_midis music03.htm
2003.02.13 22:43 B I:\Wolfgang\PhantasyStar-Web\psi-web\ps_midis\music04.htm --> synbios.net /home/wolfgang/www/psi-web/ps_midis music04.htm
2003.02.13 22:43 B I:\Wolfgang\PhantasyStar-Web\psi-web\ps_midis\music05.htm --> synbios.net /home/wolfgang/www/psi-web/ps_midis music05.htm
2003.02.13 22:43 B I:\Wolfgang\PhantasyStar-Web\psi-web\ps_midis\music06.htm --> synbios.net /home/wolfgang/www/psi-web/ps_midis music06.htm
2003.02.13 22:43 B I:\Wolfgang\PhantasyStar-Web\psi-web\ps_midis\music07.htm --> synbios.net /home/wolfgang/www/psi-web/ps_midis music07.htm
2003.02.13 22:43 B I:\Wolfgang\PhantasyStar-Web\psi-web\ps_midis\music08.htm --> synbios.net /home/wolfgang/www/psi-web/ps_midis music08.htm
2003.02.13 22:43 B I:\Wolfgang\PhantasyStar-Web\psi-web\ps_midis\music09.htm --> synbios.net /home/wolfgang/www/psi-web/ps_midis music09.htm
2003.02.13 22:43 B I:\Wolfgang\PhantasyStar-Web\psi-web\ps_midis\music10.htm --> synbios.net /home/wolfgang/www/psi-web/ps_midis music10.htm
2003.02.13 22:43 B I:\Wolfgang\PhantasyStar-Web\psi-web\ps_midis\music11.htm --> synbios.net /home/wolfgang/www/psi-web/ps_midis music11.htm
2003.02.13 22:43 B I:\Wolfgang\PhantasyStar-Web\psi-web\ps_midis\music12.htm --> synbios.net /home/wolfgang/www/psi-web/ps_midis music12.htm
2003.02.13 22:44 B I:\Wolfgang\PhantasyStar-Web\psi-web\ps_midis\music13.htm --> synbios.net /home/wolfgang/www/psi-web/ps_midis music13.htm
2003.02.13 22:44 B I:\Wolfgang\PhantasyStar-Web\psi-web\ps_midis\music14.htm --> synbios.net /home/wolfgang/www/psi-web/ps_midis music14.htm
2003.02.13 22:44 B I:\Wolfgang\PhantasyStar-Web\psi-web\ps_midis\music15.htm --> synbios.net /home/wolfgang/www/psi-web/ps_midis music15.htm
2003.02.13 22:44 B I:\Wolfgang\PhantasyStar-Web\psi-web\ps_midis\music16.htm --> synbios.net /home/wolfgang/www/psi-web/ps_midis music16.htm
2003.02.13 22:44 B I:\Wolfgang\PhantasyStar-Web\psi-web\ps_midis\music17.htm --> synbios.net /home/wolfgang/www/psi-web/ps_midis music17.htm
2003.02.13 22:44 B I:\Wolfgang\PhantasyStar-Web\psi-web\ps_midis\music18.htm --> synbios.net /home/wolfgang/www/psi-web/ps_midis music18.htm
2003.02.13 22:44 B I:\Wolfgang\PhantasyStar-Web\psi-web\ps_midis\music19.htm --> synbios.net /home/wolfgang/www/psi-web/ps_midis music19.htm
2003.02.13 22:44 B I:\Wolfgang\PhantasyStar-Web\psi-web\ps_midis\music20.htm --> synbios.net /home/wolfgang/www/psi-web/ps_midis music20.htm
2003.02.13 22:44 B I:\Wolfgang\PhantasyStar-Web\psi-web\ps_midis\music21.htm --> synbios.net /home/wolfgang/www/psi-web/ps_midis music21.htm
2003.02.13 22:44 B I:\Wolfgang\PhantasyStar-Web\psi-web\ps_midis\music22.htm --> synbios.net /home/wolfgang/www/psi-web/ps_midis music22.htm
2003.02.13 22:44 B I:\Wolfgang\PhantasyStar-Web\psi-web\ps_midis\music23.htm --> synbios.net /home/wolfgang/www/psi-web/ps_midis music23.htm
2003.02.13 22:44 B I:\Wolfgang\PhantasyStar-Web\psi-web\ps_midis\music24.htm --> synbios.net /home/wolfgang/www/psi-web/ps_midis music24.htm
2003.02.13 22:44 B I:\Wolfgang\PhantasyStar-Web\psi-web\ps_midis\music25.htm --> synbios.net /home/wolfgang/www/psi-web/ps_midis music25.htm
2003.02.13 22:44 B I:\Wolfgang\PhantasyStar-Web\psi-web\ps_midis\music26.htm --> synbios.net /home/wolfgang/www/psi-web/ps_midis music26.htm
2003.02.13 22:44 B I:\Wolfgang\PhantasyStar-Web\psi-web\ps_midis\music27.htm --> synbios.net /home/wolfgang/www/psi-web/ps_midis music27.htm
2003.02.13 22:44 B I:\Wolfgang\PhantasyStar-Web\psi-web\ps_midis\music28.htm --> synbios.net /home/wolfgang/www/psi-web/ps_midis music28.htm
2003.02.13 22:44 B I:\Wolfgang\PhantasyStar-Web\psi-web\ps_midis\music29.htm --> synbios.net /home/wolfgang/www/psi-web/ps_midis music29.htm
2003.02.13 22:44 B I:\Wolfgang\PhantasyStar-Web\psi-web\ps_midis\music30.htm --> synbios.net /home/wolfgang/www/psi-web/ps_midis music30.htm
2003.02.13 22:44 B I:\Wolfgang\PhantasyStar-Web\psi-web\ps_midis\palace_theme.mid --> synbios.net /home/wolfgang/www/psi-web/ps_midis palace_theme.mid
2003.02.13 22:44 B I:\Wolfgang\PhantasyStar-Web\psi-web\ps_midis\palma_theme01.mid --> synbios.net /home/wolfgang/www/psi-web/ps_midis palma_theme01.mid
2003.02.13 22:44 B I:\Wolfgang\PhantasyStar-Web\psi-web\ps_midis\palma_theme02.mid --> synbios.net /home/wolfgang/www/psi-web/ps_midis palma_theme02.mid
2003.02.13 22:44 B I:\Wolfgang\PhantasyStar-Web\psi-web\ps_midis\palma_theme03.mid --> synbios.net /home/wolfgang/www/psi-web/ps_midis palma_theme03.mid
2003.02.13 22:44 B I:\Wolfgang\PhantasyStar-Web\psi-web\ps_midis\shop_theme.mid --> synbios.net /home/wolfgang/www/psi-web/ps_midis shop_theme.mid
2003.02.13 22:44 B I:\Wolfgang\PhantasyStar-Web\psi-web\ps_midis\title_theme01.mid --> synbios.net /home/wolfgang/www/psi-web/ps_midis title_theme01.mid
2003.02.13 22:44 B I:\Wolfgang\PhantasyStar-Web\psi-web\ps_midis\title_theme02.mid --> synbios.net /home/wolfgang/www/psi-web/ps_midis title_theme02.mid
2003.02.13 22:44 B I:\Wolfgang\PhantasyStar-Web\psi-web\ps_midis\tower_theme01.mid --> synbios.net /home/wolfgang/www/psi-web/ps_midis tower_theme01.mid
2003.02.13 22:44 B I:\Wolfgang\PhantasyStar-Web\psi-web\ps_midis\tower_theme02.mid --> synbios.net /home/wolfgang/www/psi-web/ps_midis tower_theme02.mid
2003.02.13 22:44 B I:\Wolfgang\PhantasyStar-Web\psi-web\ps_midis\towns_theme01.mid --> synbios.net /home/wolfgang/www/psi-web/ps_midis towns_theme01.mid
2003.02.13 22:44 B I:\Wolfgang\PhantasyStar-Web\psi-web\ps_midis\towns_theme02.mid --> synbios.net /home/wolfgang/www/psi-web/ps_midis towns_theme02.mid
2003.02.13 22:44 B I:\Wolfgang\PhantasyStar-Web\psi-web\ps_midis\towns_theme03.mid --> synbios.net /home/wolfgang/www/psi-web/ps_midis towns_theme03.mid
2003.02.13 22:44 B I:\Wolfgang\PhantasyStar-Web\psi-web\ps_midis\village_theme.mid --> synbios.net /home/wolfgang/www/psi-web/ps_midis village_theme.mid
2003.02.13 22:56 B I:\Wolfgang\PhantasyStar-Web\psi-web\ps_midis\music.htm --> synbios.net /home/wolfgang/www/psi-web/ps_midis music.htm
2003.02.13 22:56 B I:\Wolfgang\PhantasyStar-Web\psi-web\ps_midis\music.htm --> synbios.net /home/wolfgang/www/psi-web/ps_midis music.htm
