2003.02.13 22:41 B I:\Wolfgang\PhantasyStar-Web\psi-web\more\algol1.gif --> synbios.net /home/wolfgang/www/psi-web/more algol1.gif
2003.02.13 22:41 B I:\Wolfgang\PhantasyStar-Web\psi-web\more\alis2.gif --> synbios.net /home/wolfgang/www/psi-web/more alis2.gif
2003.02.13 22:41 B I:\Wolfgang\PhantasyStar-Web\psi-web\more\alis_pic.gif --> synbios.net /home/wolfgang/www/psi-web/more alis_pic.gif
2003.02.13 22:41 B I:\Wolfgang\PhantasyStar-Web\psi-web\more\alisnoah.gif --> synbios.net /home/wolfgang/www/psi-web/more alisnoah.gif
2003.02.13 22:41 B I:\Wolfgang\PhantasyStar-Web\psi-web\more\assist.gif --> synbios.net /home/wolfgang/www/psi-web/more assist.gif
2003.02.13 22:41 B I:\Wolfgang\PhantasyStar-Web\psi-web\more\backgr_01.gif --> synbios.net /home/wolfgang/www/psi-web/more backgr_01.gif
2003.02.13 22:41 B I:\Wolfgang\PhantasyStar-Web\psi-web\more\govern02.gif --> synbios.net /home/wolfgang/www/psi-web/more govern02.gif
2003.02.13 22:41 B I:\Wolfgang\PhantasyStar-Web\psi-web\more\heroes.htm --> synbios.net /home/wolfgang/www/psi-web/more heroes.htm
2003.02.13 22:41 B I:\Wolfgang\PhantasyStar-Web\psi-web\more\luveno.gif --> synbios.net /home/wolfgang/www/psi-web/more luveno.gif
2003.02.13 22:41 B I:\Wolfgang\PhantasyStar-Web\psi-web\more\myau3.gif --> synbios.net /home/wolfgang/www/psi-web/more myau3.gif
2003.02.13 22:41 B I:\Wolfgang\PhantasyStar-Web\psi-web\more\myau4.gif --> synbios.net /home/wolfgang/www/psi-web/more myau4.gif
2003.02.13 22:41 B I:\Wolfgang\PhantasyStar-Web\psi-web\more\myau5.gif --> synbios.net /home/wolfgang/www/psi-web/more myau5.gif
2003.02.13 22:41 B I:\Wolfgang\PhantasyStar-Web\psi-web\more\myau_pic.gif --> synbios.net /home/wolfgang/www/psi-web/more myau_pic.gif
2003.02.13 22:41 B I:\Wolfgang\PhantasyStar-Web\psi-web\more\noah_pic.gif --> synbios.net /home/wolfgang/www/psi-web/more noah_pic.gif
2003.02.13 22:41 B I:\Wolfgang\PhantasyStar-Web\psi-web\more\odin1.gif --> synbios.net /home/wolfgang/www/psi-web/more odin1.gif
2003.02.13 22:41 B I:\Wolfgang\PhantasyStar-Web\psi-web\more\odin_pic.gif --> synbios.net /home/wolfgang/www/psi-web/more odin_pic.gif
2003.02.13 22:42 B I:\Wolfgang\PhantasyStar-Web\psi-web\more\pspbrwse.jbf --> synbios.net /home/wolfgang/www/psi-web/more pspbrwse.jbf
2003.02.13 22:42 B I:\Wolfgang\PhantasyStar-Web\psi-web\more\stoned.gif --> synbios.net /home/wolfgang/www/psi-web/more stoned.gif
2003.02.13 22:42 B I:\Wolfgang\PhantasyStar-Web\psi-web\more\story.htm --> synbios.net /home/wolfgang/www/psi-web/more story.htm
2003.02.13 22:42 B I:\Wolfgang\PhantasyStar-Web\psi-web\more\story01.gif --> synbios.net /home/wolfgang/www/psi-web/more story01.gif
2003.02.13 22:42 B I:\Wolfgang\PhantasyStar-Web\psi-web\more\story02.gif --> synbios.net /home/wolfgang/www/psi-web/more story02.gif
2003.02.13 22:42 B I:\Wolfgang\PhantasyStar-Web\psi-web\more\story03.gif --> synbios.net /home/wolfgang/www/psi-web/more story03.gif
2003.02.13 22:42 B I:\Wolfgang\PhantasyStar-Web\psi-web\more\together.gif --> synbios.net /home/wolfgang/www/psi-web/more together.gif
2003.02.13 22:42 B I:\Wolfgang\PhantasyStar-Web\psi-web\more\tree1.gif --> synbios.net /home/wolfgang/www/psi-web/more tree1.gif
2003.02.13 22:42 B I:\Wolfgang\PhantasyStar-Web\psi-web\more\walkthrough.htm --> synbios.net /home/wolfgang/www/psi-web/more walkthrough.htm
