2003.02.13 22:32 B I:\Wolfgang\PhantasyStar-Web\psi-web\items\alsulin.gif --> synbios.net /home/wolfgang/www/psi-web/items alsulin.gif
2003.02.13 22:32 B I:\Wolfgang\PhantasyStar-Web\psi-web\items\ambereye.gif --> synbios.net /home/wolfgang/www/psi-web/items ambereye.gif
2003.02.13 22:32 B I:\Wolfgang\PhantasyStar-Web\psi-web\items\armory.htm --> synbios.net /home/wolfgang/www/psi-web/items armory.htm
2003.02.13 22:32 B I:\Wolfgang\PhantasyStar-Web\psi-web\items\axes.htm --> synbios.net /home/wolfgang/www/psi-web/items axes.htm
2003.02.13 22:32 B I:\Wolfgang\PhantasyStar-Web\psi-web\items\brz-sld.gif --> synbios.net /home/wolfgang/www/psi-web/items brz-sld.gif
2003.02.13 22:32 B I:\Wolfgang\PhantasyStar-Web\psi-web\items\burger.gif --> synbios.net /home/wolfgang/www/psi-web/items burger.gif
2003.02.13 22:32 B I:\Wolfgang\PhantasyStar-Web\psi-web\items\canes.htm --> synbios.net /home/wolfgang/www/psi-web/items canes.htm
2003.02.13 22:32 B I:\Wolfgang\PhantasyStar-Web\psi-web\items\chstanim.gif --> synbios.net /home/wolfgang/www/psi-web/items chstanim.gif
2003.02.13 22:32 B I:\Wolfgang\PhantasyStar-Web\psi-web\items\chstarrw.gif --> synbios.net /home/wolfgang/www/psi-web/items chstarrw.gif
2003.02.13 22:32 B I:\Wolfgang\PhantasyStar-Web\psi-web\items\chstbomb.gif --> synbios.net /home/wolfgang/www/psi-web/items chstbomb.gif
2003.02.13 22:32 B I:\Wolfgang\PhantasyStar-Web\psi-web\items\cola.gif --> synbios.net /home/wolfgang/www/psi-web/items cola.gif
2003.02.13 22:32 B I:\Wolfgang\PhantasyStar-Web\psi-web\items\communicate.htm --> synbios.net /home/wolfgang/www/psi-web/items communicate.htm
2003.02.13 22:32 B I:\Wolfgang\PhantasyStar-Web\psi-web\items\compass.gif --> synbios.net /home/wolfgang/www/psi-web/items compass.gif
2003.02.13 22:32 B I:\Wolfgang\PhantasyStar-Web\psi-web\items\crc-sld.gif --> synbios.net /home/wolfgang/www/psi-web/items crc-sld.gif
2003.02.13 22:32 B I:\Wolfgang\PhantasyStar-Web\psi-web\items\crc-swd.gif --> synbios.net /home/wolfgang/www/psi-web/items crc-swd.gif
2003.02.13 22:32 B I:\Wolfgang\PhantasyStar-Web\psi-web\items\crystal.gif --> synbios.net /home/wolfgang/www/psi-web/items crystal.gif
2003.02.13 22:32 B I:\Wolfgang\PhantasyStar-Web\psi-web\items\detection.htm --> synbios.net /home/wolfgang/www/psi-web/items detection.htm
2003.02.13 22:32 B I:\Wolfgang\PhantasyStar-Web\psi-web\items\dmd-arm.gif --> synbios.net /home/wolfgang/www/psi-web/items dmd-arm.gif
2003.02.13 22:32 B I:\Wolfgang\PhantasyStar-Web\psi-web\items\dugn-key.gif --> synbios.net /home/wolfgang/www/psi-web/items dugn-key.gif
2003.02.13 22:32 B I:\Wolfgang\PhantasyStar-Web\psi-web\items\escaper.gif --> synbios.net /home/wolfgang/www/psi-web/items escaper.gif
2003.02.13 22:32 B I:\Wolfgang\PhantasyStar-Web\psi-web\items\f-mantle.gif --> synbios.net /home/wolfgang/www/psi-web/items f-mantle.gif
2003.02.13 22:32 B I:\Wolfgang\PhantasyStar-Web\psi-web\items\fangs.htm --> synbios.net /home/wolfgang/www/psi-web/items fangs.htm
2003.02.13 22:32 B I:\Wolfgang\PhantasyStar-Web\psi-web\items\flash.gif --> synbios.net /home/wolfgang/www/psi-web/items flash.gif
2003.02.13 22:32 B I:\Wolfgang\PhantasyStar-Web\psi-web\items\flute.gif --> synbios.net /home/wolfgang/www/psi-web/items flute.gif
2003.02.13 22:32 B I:\Wolfgang\PhantasyStar-Web\psi-web\items\fur.gif --> synbios.net /home/wolfgang/www/psi-web/items fur.gif
2003.02.13 22:32 B I:\Wolfgang\PhantasyStar-Web\psi-web\items\fur.htm --> synbios.net /home/wolfgang/www/psi-web/items fur.htm
2003.02.13 22:32 B I:\Wolfgang\PhantasyStar-Web\psi-web\items\gas-sld.gif --> synbios.net /home/wolfgang/www/psi-web/items gas-sld.gif
2003.02.13 22:32 B I:\Wolfgang\PhantasyStar-Web\psi-web\items\gloves.gif --> synbios.net /home/wolfgang/www/psi-web/items gloves.gif
2003.02.13 22:32 B I:\Wolfgang\PhantasyStar-Web\psi-web\items\gloves.htm --> synbios.net /home/wolfgang/www/psi-web/items gloves.htm
2003.02.13 22:32 B I:\Wolfgang\PhantasyStar-Web\psi-web\items\guns.htm --> synbios.net /home/wolfgang/www/psi-web/items guns.htm
2003.02.13 22:33 B I:\Wolfgang\PhantasyStar-Web\psi-web\items\hapsby.gif --> synbios.net /home/wolfgang/www/psi-web/items hapsby.gif
2003.02.13 22:33 B I:\Wolfgang\PhantasyStar-Web\psi-web\items\healing.htm --> synbios.net /home/wolfgang/www/psi-web/items healing.htm
2003.02.13 22:33 B I:\Wolfgang\PhantasyStar-Web\psi-web\items\heatgun.gif --> synbios.net /home/wolfgang/www/psi-web/items heatgun.gif
2003.02.13 22:33 B I:\Wolfgang\PhantasyStar-Web\psi-web\items\hover1.gif --> synbios.net /home/wolfgang/www/psi-web/items hover1.gif
2003.02.13 22:33 B I:\Wolfgang\PhantasyStar-Web\psi-web\items\iced1.gif --> synbios.net /home/wolfgang/www/psi-web/items iced1.gif
2003.02.13 22:33 B I:\Wolfgang\PhantasyStar-Web\psi-web\items\identification.htm --> synbios.net /home/wolfgang/www/psi-web/items identification.htm
2003.02.13 22:33 B I:\Wolfgang\PhantasyStar-Web\psi-web\items\irn-arm.gif --> synbios.net /home/wolfgang/www/psi-web/items irn-arm.gif
2003.02.13 22:33 B I:\Wolfgang\PhantasyStar-Web\psi-web\items\irn-axe.gif --> synbios.net /home/wolfgang/www/psi-web/items irn-axe.gif
2003.02.13 22:33 B I:\Wolfgang\PhantasyStar-Web\psi-web\items\irn-fang.gif --> synbios.net /home/wolfgang/www/psi-web/items irn-fang.gif
2003.02.13 22:33 B I:\Wolfgang\PhantasyStar-Web\psi-web\items\irn-sld.gif --> synbios.net /home/wolfgang/www/psi-web/items irn-sld.gif
2003.02.13 22:33 B I:\Wolfgang\PhantasyStar-Web\psi-web\items\irn-swd.gif --> synbios.net /home/wolfgang/www/psi-web/items irn-swd.gif
2003.02.13 22:33 B I:\Wolfgang\PhantasyStar-Web\psi-web\items\keys.htm --> synbios.net /home/wolfgang/www/psi-web/items keys.htm
2003.02.13 22:33 B I:\Wolfgang\PhantasyStar-Web\psi-web\items\lac-arm.gif --> synbios.net /home/wolfgang/www/psi-web/items lac-arm.gif
2003.02.13 22:33 B I:\Wolfgang\PhantasyStar-Web\psi-web\items\lac-axe.gif --> synbios.net /home/wolfgang/www/psi-web/items lac-axe.gif
2003.02.13 22:33 B I:\Wolfgang\PhantasyStar-Web\psi-web\items\lac-pot.gif --> synbios.net /home/wolfgang/www/psi-web/items lac-pot.gif
2003.02.13 22:33 B I:\Wolfgang\PhantasyStar-Web\psi-web\items\lac-sld.gif --> synbios.net /home/wolfgang/www/psi-web/items lac-sld.gif
2003.02.13 22:33 B I:\Wolfgang\PhantasyStar-Web\psi-web\items\lac-swd.gif --> synbios.net /home/wolfgang/www/psi-web/items lac-swd.gif
2003.02.13 22:33 B I:\Wolfgang\PhantasyStar-Web\psi-web\items\landr1.gif --> synbios.net /home/wolfgang/www/psi-web/items landr1.gif
2003.02.13 22:33 B I:\Wolfgang\PhantasyStar-Web\psi-web\items\lasergun.gif --> synbios.net /home/wolfgang/www/psi-web/items lasergun.gif
2003.02.13 22:33 B I:\Wolfgang\PhantasyStar-Web\psi-web\items\lasr-sld.gif --> synbios.net /home/wolfgang/www/psi-web/items lasr-sld.gif
2003.02.13 22:33 B I:\Wolfgang\PhantasyStar-Web\psi-web\items\lasr-swd.gif --> synbios.net /home/wolfgang/www/psi-web/items lasr-swd.gif
2003.02.13 22:33 B I:\Wolfgang\PhantasyStar-Web\psi-web\items\lgt-suit.gif --> synbios.net /home/wolfgang/www/psi-web/items lgt-suit.gif
2003.02.13 22:33 B I:\Wolfgang\PhantasyStar-Web\psi-web\items\lth-arm.gif --> synbios.net /home/wolfgang/www/psi-web/items lth-arm.gif
2003.02.13 22:33 B I:\Wolfgang\PhantasyStar-Web\psi-web\items\lth-sld.gif --> synbios.net /home/wolfgang/www/psi-web/items lth-sld.gif
2003.02.13 22:33 B I:\Wolfgang\PhantasyStar-Web\psi-web\items\mag-lamp.gif --> synbios.net /home/wolfgang/www/psi-web/items mag-lamp.gif
2003.02.13 22:33 B I:\Wolfgang\PhantasyStar-Web\psi-web\items\magc-hat.gif --> synbios.net /home/wolfgang/www/psi-web/items magc-hat.gif
2003.02.13 22:33 B I:\Wolfgang\PhantasyStar-Web\psi-web\items\magc-key.gif --> synbios.net /home/wolfgang/www/psi-web/items magc-key.gif
2003.02.13 22:33 B I:\Wolfgang\PhantasyStar-Web\psi-web\items\mantles.htm --> synbios.net /home/wolfgang/www/psi-web/items mantles.htm
2003.02.13 22:33 B I:\Wolfgang\PhantasyStar-Web\psi-web\items\mirr-sld.gif --> synbios.net /home/wolfgang/www/psi-web/items mirr-sld.gif
2003.02.13 22:33 B I:\Wolfgang\PhantasyStar-Web\psi-web\items\needlgun.gif --> synbios.net /home/wolfgang/www/psi-web/items needlgun.gif
2003.02.13 22:33 B I:\Wolfgang\PhantasyStar-Web\psi-web\items\orientation.htm --> synbios.net /home/wolfgang/www/psi-web/items orientation.htm
2003.02.13 22:33 B I:\Wolfgang\PhantasyStar-Web\psi-web\items\passport.gif --> synbios.net /home/wolfgang/www/psi-web/items passport.gif
2003.02.13 22:33 B I:\Wolfgang\PhantasyStar-Web\psi-web\items\polymtrl.gif --> synbios.net /home/wolfgang/www/psi-web/items polymtrl.gif
2003.02.13 22:34 B I:\Wolfgang\PhantasyStar-Web\psi-web\items\prisma.gif --> synbios.net /home/wolfgang/www/psi-web/items prisma.gif
2003.02.13 22:34 B I:\Wolfgang\PhantasyStar-Web\psi-web\items\protection.htm --> synbios.net /home/wolfgang/www/psi-web/items protection.htm
2003.02.13 22:34 B I:\Wolfgang\PhantasyStar-Web\psi-web\items\pspbrwse.jbf --> synbios.net /home/wolfgang/www/psi-web/items pspbrwse.jbf
2003.02.13 22:34 B I:\Wolfgang\PhantasyStar-Web\psi-web\items\roadpass.gif --> synbios.net /home/wolfgang/www/psi-web/items roadpass.gif
2003.02.13 22:34 B I:\Wolfgang\PhantasyStar-Web\psi-web\items\shields.htm --> synbios.net /home/wolfgang/www/psi-web/items shields.htm
2003.02.13 22:34 B I:\Wolfgang\PhantasyStar-Web\psi-web\items\ship1.gif --> synbios.net /home/wolfgang/www/psi-web/items ship1.gif
2003.02.13 22:34 B I:\Wolfgang\PhantasyStar-Web\psi-web\items\ship2.gif --> synbios.net /home/wolfgang/www/psi-web/items ship2.gif
2003.02.13 22:34 B I:\Wolfgang\PhantasyStar-Web\psi-web\items\sht-swd.gif --> synbios.net /home/wolfgang/www/psi-web/items sht-swd.gif
2003.02.13 22:34 B I:\Wolfgang\PhantasyStar-Web\psi-web\items\silvfang.gif --> synbios.net /home/wolfgang/www/psi-web/items silvfang.gif
2003.02.13 22:34 B I:\Wolfgang\PhantasyStar-Web\psi-web\items\sphere.gif --> synbios.net /home/wolfgang/www/psi-web/items sphere.gif
2003.02.13 22:34 B I:\Wolfgang\PhantasyStar-Web\psi-web\items\swords.htm --> synbios.net /home/wolfgang/www/psi-web/items swords.htm
2003.02.13 22:34 B I:\Wolfgang\PhantasyStar-Web\psi-web\items\teleport.htm --> synbios.net /home/wolfgang/www/psi-web/items teleport.htm
2003.02.13 22:34 B I:\Wolfgang\PhantasyStar-Web\psi-web\items\tit-swd.gif --> synbios.net /home/wolfgang/www/psi-web/items tit-swd.gif
2003.02.13 22:34 B I:\Wolfgang\PhantasyStar-Web\psi-web\items\torch.gif --> synbios.net /home/wolfgang/www/psi-web/items torch.gif
2003.02.13 22:34 B I:\Wolfgang\PhantasyStar-Web\psi-web\items\trading.htm --> synbios.net /home/wolfgang/www/psi-web/items trading.htm
2003.02.13 22:34 B I:\Wolfgang\PhantasyStar-Web\psi-web\items\transer.gif --> synbios.net /home/wolfgang/www/psi-web/items transer.gif
2003.02.13 22:34 B I:\Wolfgang\PhantasyStar-Web\psi-web\items\transport.htm --> synbios.net /home/wolfgang/www/psi-web/items transport.htm
2003.02.13 22:34 B I:\Wolfgang\PhantasyStar-Web\psi-web\items\w-mantle.gif --> synbios.net /home/wolfgang/www/psi-web/items w-mantle.gif
2003.02.13 22:35 B I:\Wolfgang\PhantasyStar-Web\psi-web\items\wand.gif --> synbios.net /home/wolfgang/www/psi-web/items wand.gif
2003.02.13 22:35 B I:\Wolfgang\PhantasyStar-Web\psi-web\items\woodcane.gif --> synbios.net /home/wolfgang/www/psi-web/items woodcane.gif
2003.02.13 22:35 B I:\Wolfgang\PhantasyStar-Web\psi-web\items\zrc-arm.gif --> synbios.net /home/wolfgang/www/psi-web/items zrc-arm.gif
