2003.02.13 22:46 B I:\Wolfgang\PhantasyStar-Web\psi-web\towns\abion.gif --> synbios.net /home/wolfgang/www/psi-web/towns abion.gif
2003.02.13 22:46 B I:\Wolfgang\PhantasyStar-Web\psi-web\towns\abion.htm --> synbios.net /home/wolfgang/www/psi-web/towns abion.htm
2003.02.13 22:46 B I:\Wolfgang\PhantasyStar-Web\psi-web\towns\aircastle.gif --> synbios.net /home/wolfgang/www/psi-web/towns aircastle.gif
2003.02.13 22:46 B I:\Wolfgang\PhantasyStar-Web\psi-web\towns\aircastle.htm --> synbios.net /home/wolfgang/www/psi-web/towns aircastle.htm
2003.02.13 22:46 B I:\Wolfgang\PhantasyStar-Web\psi-web\towns\bortevo.gif --> synbios.net /home/wolfgang/www/psi-web/towns bortevo.gif
2003.02.13 22:46 B I:\Wolfgang\PhantasyStar-Web\psi-web\towns\bortevo.htm --> synbios.net /home/wolfgang/www/psi-web/towns bortevo.htm
2003.02.13 22:46 B I:\Wolfgang\PhantasyStar-Web\psi-web\towns\camineet.htm --> synbios.net /home/wolfgang/www/psi-web/towns camineet.htm
2003.02.13 22:46 B I:\Wolfgang\PhantasyStar-Web\psi-web\towns\caminet.gif --> synbios.net /home/wolfgang/www/psi-web/towns caminet.gif
2003.02.13 22:46 B I:\Wolfgang\PhantasyStar-Web\psi-web\towns\casba.gif --> synbios.net /home/wolfgang/www/psi-web/towns casba.gif
2003.02.13 22:46 B I:\Wolfgang\PhantasyStar-Web\psi-web\towns\casba.htm --> synbios.net /home/wolfgang/www/psi-web/towns casba.htm
2003.02.13 22:46 B I:\Wolfgang\PhantasyStar-Web\psi-web\towns\drasgow.gif --> synbios.net /home/wolfgang/www/psi-web/towns drasgow.gif
2003.02.13 22:46 B I:\Wolfgang\PhantasyStar-Web\psi-web\towns\drasgow.htm --> synbios.net /home/wolfgang/www/psi-web/towns drasgow.htm
2003.02.13 22:47 B I:\Wolfgang\PhantasyStar-Web\psi-web\towns\eppi.gif --> synbios.net /home/wolfgang/www/psi-web/towns eppi.gif
2003.02.13 22:47 B I:\Wolfgang\PhantasyStar-Web\psi-web\towns\eppi.htm --> synbios.net /home/wolfgang/www/psi-web/towns eppi.htm
2003.02.13 22:47 B I:\Wolfgang\PhantasyStar-Web\psi-web\towns\gothic.gif --> synbios.net /home/wolfgang/www/psi-web/towns gothic.gif
2003.02.13 22:47 B I:\Wolfgang\PhantasyStar-Web\psi-web\towns\gothic.htm --> synbios.net /home/wolfgang/www/psi-web/towns gothic.htm
2003.02.13 22:47 B I:\Wolfgang\PhantasyStar-Web\psi-web\towns\loar.gif --> synbios.net /home/wolfgang/www/psi-web/towns loar.gif
2003.02.13 22:47 B I:\Wolfgang\PhantasyStar-Web\psi-web\towns\loar.htm --> synbios.net /home/wolfgang/www/psi-web/towns loar.htm
2003.02.13 22:47 B I:\Wolfgang\PhantasyStar-Web\psi-web\towns\lostisle.gif --> synbios.net /home/wolfgang/www/psi-web/towns lostisle.gif
2003.02.13 22:47 B I:\Wolfgang\PhantasyStar-Web\psi-web\towns\m_port.htm --> synbios.net /home/wolfgang/www/psi-web/towns m_port.htm
2003.02.13 22:47 B I:\Wolfgang\PhantasyStar-Web\psi-web\towns\p_port.htm --> synbios.net /home/wolfgang/www/psi-web/towns p_port.htm
2003.02.13 22:47 B I:\Wolfgang\PhantasyStar-Web\psi-web\towns\parolit.gif --> synbios.net /home/wolfgang/www/psi-web/towns parolit.gif
2003.02.13 22:47 B I:\Wolfgang\PhantasyStar-Web\psi-web\towns\parolit.htm --> synbios.net /home/wolfgang/www/psi-web/towns parolit.htm
2003.02.13 22:47 B I:\Wolfgang\PhantasyStar-Web\psi-web\towns\paseo.gif --> synbios.net /home/wolfgang/www/psi-web/towns paseo.gif
2003.02.13 22:47 B I:\Wolfgang\PhantasyStar-Web\psi-web\towns\paseo.htm --> synbios.net /home/wolfgang/www/psi-web/towns paseo.htm
2003.02.13 22:47 B I:\Wolfgang\PhantasyStar-Web\psi-web\towns\port1.gif --> synbios.net /home/wolfgang/www/psi-web/towns port1.gif
2003.02.13 22:47 B I:\Wolfgang\PhantasyStar-Web\psi-web\towns\port2.gif --> synbios.net /home/wolfgang/www/psi-web/towns port2.gif
2003.02.13 22:48 B I:\Wolfgang\PhantasyStar-Web\psi-web\towns\scion.gif --> synbios.net /home/wolfgang/www/psi-web/towns scion.gif
2003.02.13 22:48 B I:\Wolfgang\PhantasyStar-Web\psi-web\towns\scion.htm --> synbios.net /home/wolfgang/www/psi-web/towns scion.htm
2003.02.13 22:48 B I:\Wolfgang\PhantasyStar-Web\psi-web\towns\skure.gif --> synbios.net /home/wolfgang/www/psi-web/towns skure.gif
2003.02.13 22:48 B I:\Wolfgang\PhantasyStar-Web\psi-web\towns\skure.htm --> synbios.net /home/wolfgang/www/psi-web/towns skure.htm
2003.02.13 22:48 B I:\Wolfgang\PhantasyStar-Web\psi-web\towns\skure01.gif --> synbios.net /home/wolfgang/www/psi-web/towns skure01.gif
2003.02.13 22:48 B I:\Wolfgang\PhantasyStar-Web\psi-web\towns\sopia.gif --> synbios.net /home/wolfgang/www/psi-web/towns sopia.gif
2003.02.13 22:48 B I:\Wolfgang\PhantasyStar-Web\psi-web\towns\sopia.htm --> synbios.net /home/wolfgang/www/psi-web/towns sopia.htm
2003.02.13 22:48 B I:\Wolfgang\PhantasyStar-Web\psi-web\towns\twintown.gif --> synbios.net /home/wolfgang/www/psi-web/towns twintown.gif
2003.02.13 22:48 B I:\Wolfgang\PhantasyStar-Web\psi-web\towns\twintown.htm --> synbios.net /home/wolfgang/www/psi-web/towns twintown.htm
2003.02.13 22:48 B I:\Wolfgang\PhantasyStar-Web\psi-web\towns\twintwn1.gif --> synbios.net /home/wolfgang/www/psi-web/towns twintwn1.gif
2003.02.13 22:48 B I:\Wolfgang\PhantasyStar-Web\psi-web\towns\uzo.gif --> synbios.net /home/wolfgang/www/psi-web/towns uzo.gif
2003.02.13 22:48 B I:\Wolfgang\PhantasyStar-Web\psi-web\towns\uzo.htm --> synbios.net /home/wolfgang/www/psi-web/towns uzo.htm
