2003.02.13 22:26 B I:\Wolfgang\PhantasyStar-Web\psi-web\enemies\a_b.htm --> synbios.net /home/wolfgang/www/psi-web/enemies a_b.htm
2003.02.13 22:26 B I:\Wolfgang\PhantasyStar-Web\psi-web\enemies\ammonit1.gif --> synbios.net /home/wolfgang/www/psi-web/enemies ammonit1.gif
2003.02.13 22:26 B I:\Wolfgang\PhantasyStar-Web\psi-web\enemies\amund1.gif --> synbios.net /home/wolfgang/www/psi-web/enemies amund1.gif
2003.02.13 22:26 B I:\Wolfgang\PhantasyStar-Web\psi-web\enemies\andro1.gif --> synbios.net /home/wolfgang/www/psi-web/enemies andro1.gif
2003.02.13 22:26 B I:\Wolfgang\PhantasyStar-Web\psi-web\enemies\ant1.gif --> synbios.net /home/wolfgang/www/psi-web/enemies ant1.gif
2003.02.13 22:26 B I:\Wolfgang\PhantasyStar-Web\psi-web\enemies\b-drgn1.gif --> synbios.net /home/wolfgang/www/psi-web/enemies b-drgn1.gif
2003.02.13 22:26 B I:\Wolfgang\PhantasyStar-Web\psi-web\enemies\barbria1.gif --> synbios.net /home/wolfgang/www/psi-web/enemies barbria1.gif
2003.02.13 22:26 B I:\Wolfgang\PhantasyStar-Web\psi-web\enemies\batal1.gif --> synbios.net /home/wolfgang/www/psi-web/enemies batal1.gif
2003.02.13 22:26 B I:\Wolfgang\PhantasyStar-Web\psi-web\enemies\bigclub1.gif --> synbios.net /home/wolfgang/www/psi-web/enemies bigclub1.gif
2003.02.13 22:27 B I:\Wolfgang\PhantasyStar-Web\psi-web\enemies\bl-slim1.gif --> synbios.net /home/wolfgang/www/psi-web/enemies bl-slim1.gif
2003.02.13 22:27 B I:\Wolfgang\PhantasyStar-Web\psi-web\enemies\bosses.htm --> synbios.net /home/wolfgang/www/psi-web/enemies bosses.htm
2003.02.13 22:27 B I:\Wolfgang\PhantasyStar-Web\psi-web\enemies\bscorp1.gif --> synbios.net /home/wolfgang/www/psi-web/enemies bscorp1.gif
2003.02.13 22:27 B I:\Wolfgang\PhantasyStar-Web\psi-web\enemies\c_e.htm --> synbios.net /home/wolfgang/www/psi-web/enemies c_e.htm
2003.02.13 22:27 B I:\Wolfgang\PhantasyStar-Web\psi-web\enemies\centaur1.gif --> synbios.net /home/wolfgang/www/psi-web/enemies centaur1.gif
2003.02.13 22:27 B I:\Wolfgang\PhantasyStar-Web\psi-web\enemies\crawler1.gif --> synbios.net /home/wolfgang/www/psi-web/enemies crawler1.gif
2003.02.13 22:27 B I:\Wolfgang\PhantasyStar-Web\psi-web\enemies\darkfalz.gif --> synbios.net /home/wolfgang/www/psi-web/enemies darkfalz.gif
2003.02.13 22:27 B I:\Wolfgang\PhantasyStar-Web\psi-web\enemies\deadtre1.gif --> synbios.net /home/wolfgang/www/psi-web/enemies deadtre1.gif
2003.02.13 22:27 B I:\Wolfgang\PhantasyStar-Web\psi-web\enemies\dezori1.gif --> synbios.net /home/wolfgang/www/psi-web/enemies dezori1.gif
2003.02.13 22:27 B I:\Wolfgang\PhantasyStar-Web\psi-web\enemies\dr_mad1.gif --> synbios.net /home/wolfgang/www/psi-web/enemies dr_mad1.gif
2003.02.13 22:27 B I:\Wolfgang\PhantasyStar-Web\psi-web\enemies\drkfalz1.gif --> synbios.net /home/wolfgang/www/psi-web/enemies drkfalz1.gif
2003.02.13 22:27 B I:\Wolfgang\PhantasyStar-Web\psi-web\enemies\drkfalz2.gif --> synbios.net /home/wolfgang/www/psi-web/enemies drkfalz2.gif
2003.02.13 22:27 B I:\Wolfgang\PhantasyStar-Web\psi-web\enemies\efarmer1.gif --> synbios.net /home/wolfgang/www/psi-web/enemies efarmer1.gif
2003.02.13 22:27 B I:\Wolfgang\PhantasyStar-Web\psi-web\enemies\eleph1.gif --> synbios.net /home/wolfgang/www/psi-web/enemies eleph1.gif
2003.02.13 22:27 B I:\Wolfgang\PhantasyStar-Web\psi-web\enemies\evild1.gif --> synbios.net /home/wolfgang/www/psi-web/enemies evild1.gif
2003.02.13 22:27 B I:\Wolfgang\PhantasyStar-Web\psi-web\enemies\evilhd1.gif --> synbios.net /home/wolfgang/www/psi-web/enemies evilhd1.gif
2003.02.13 22:27 B I:\Wolfgang\PhantasyStar-Web\psi-web\enemies\execute1.gif --> synbios.net /home/wolfgang/www/psi-web/enemies execute1.gif
2003.02.13 22:28 B I:\Wolfgang\PhantasyStar-Web\psi-web\enemies\f_g.htm --> synbios.net /home/wolfgang/www/psi-web/enemies f_g.htm
2003.02.13 22:28 B I:\Wolfgang\PhantasyStar-Web\psi-web\enemies\fishman1.gif --> synbios.net /home/wolfgang/www/psi-web/enemies fishman1.gif
2003.02.13 22:28 B I:\Wolfgang\PhantasyStar-Web\psi-web\enemies\frstman1.gif --> synbios.net /home/wolfgang/www/psi-web/enemies frstman1.gif
2003.02.13 22:28 B I:\Wolfgang\PhantasyStar-Web\psi-web\enemies\g-dragn1.gif --> synbios.net /home/wolfgang/www/psi-web/enemies g-dragn1.gif
2003.02.13 22:28 B I:\Wolfgang\PhantasyStar-Web\psi-web\enemies\gd-drgn1.gif --> synbios.net /home/wolfgang/www/psi-web/enemies gd-drgn1.gif
2003.02.13 22:28 B I:\Wolfgang\PhantasyStar-Web\psi-web\enemies\gfly1.gif --> synbios.net /home/wolfgang/www/psi-web/enemies gfly1.gif
2003.02.13 22:28 B I:\Wolfgang\PhantasyStar-Web\psi-web\enemies\ghoul1.gif --> synbios.net /home/wolfgang/www/psi-web/enemies ghoul1.gif
2003.02.13 22:28 B I:\Wolfgang\PhantasyStar-Web\psi-web\enemies\giant1.gif --> synbios.net /home/wolfgang/www/psi-web/enemies giant1.gif
2003.02.13 22:28 B I:\Wolfgang\PhantasyStar-Web\psi-web\enemies\gldlens1.gif --> synbios.net /home/wolfgang/www/psi-web/enemies gldlens1.gif
2003.02.13 22:28 B I:\Wolfgang\PhantasyStar-Web\psi-web\enemies\golem1.gif --> synbios.net /home/wolfgang/www/psi-web/enemies golem1.gif
2003.02.13 22:28 B I:\Wolfgang\PhantasyStar-Web\psi-web\enemies\gr-slim1.gif --> synbios.net /home/wolfgang/www/psi-web/enemies gr-slim1.gif
2003.02.13 22:28 B I:\Wolfgang\PhantasyStar-Web\psi-web\enemies\gscorpi1.gif --> synbios.net /home/wolfgang/www/psi-web/enemies gscorpi1.gif
2003.02.13 22:28 B I:\Wolfgang\PhantasyStar-Web\psi-web\enemies\h_m.htm --> synbios.net /home/wolfgang/www/psi-web/enemies h_m.htm
2003.02.13 22:28 B I:\Wolfgang\PhantasyStar-Web\psi-web\enemies\horsman1.gif --> synbios.net /home/wolfgang/www/psi-web/enemies horsman1.gif
2003.02.13 22:28 B I:\Wolfgang\PhantasyStar-Web\psi-web\enemies\lassic1.gif --> synbios.net /home/wolfgang/www/psi-web/enemies lassic1.gif
2003.02.13 22:28 B I:\Wolfgang\PhantasyStar-Web\psi-web\enemies\leech1.gif --> synbios.net /home/wolfgang/www/psi-web/enemies leech1.gif
2003.02.13 22:28 B I:\Wolfgang\PhantasyStar-Web\psi-web\enemies\lich1.gif --> synbios.net /home/wolfgang/www/psi-web/enemies lich1.gif
2003.02.13 22:29 B I:\Wolfgang\PhantasyStar-Web\psi-web\enemies\magic1.gif --> synbios.net /home/wolfgang/www/psi-web/enemies magic1.gif
2003.02.13 22:29 B I:\Wolfgang\PhantasyStar-Web\psi-web\enemies\mammut1.gif --> synbios.net /home/wolfgang/www/psi-web/enemies mammut1.gif
2003.02.13 22:29 B I:\Wolfgang\PhantasyStar-Web\psi-web\enemies\maneat1.gif --> synbios.net /home/wolfgang/www/psi-web/enemies maneat1.gif
2003.02.13 22:29 B I:\Wolfgang\PhantasyStar-Web\psi-web\enemies\mantic1.gif --> synbios.net /home/wolfgang/www/psi-web/enemies mantic1.gif
2003.02.13 22:29 B I:\Wolfgang\PhantasyStar-Web\psi-web\enemies\maraud1.gif --> synbios.net /home/wolfgang/www/psi-web/enemies maraud1.gif
2003.02.13 22:29 B I:\Wolfgang\PhantasyStar-Web\psi-web\enemies\marman1.gif --> synbios.net /home/wolfgang/www/psi-web/enemies marman1.gif
2003.02.13 22:29 B I:\Wolfgang\PhantasyStar-Web\psi-web\enemies\medusa1.gif --> synbios.net /home/wolfgang/www/psi-web/enemies medusa1.gif
2003.02.13 22:29 B I:\Wolfgang\PhantasyStar-Web\psi-web\enemies\n_r.htm --> synbios.net /home/wolfgang/www/psi-web/enemies n_r.htm
2003.02.13 22:29 B I:\Wolfgang\PhantasyStar-Web\psi-web\enemies\nessy1.gif --> synbios.net /home/wolfgang/www/psi-web/enemies nessy1.gif
2003.02.13 22:29 B I:\Wolfgang\PhantasyStar-Web\psi-web\enemies\nfarmer.gif --> synbios.net /home/wolfgang/www/psi-web/enemies nfarmer.gif
2003.02.13 22:29 B I:\Wolfgang\PhantasyStar-Web\psi-web\enemies\octopus1.gif --> synbios.net /home/wolfgang/www/psi-web/enemies octopus1.gif
2003.02.13 22:29 B I:\Wolfgang\PhantasyStar-Web\psi-web\enemies\owlbear1.gif --> synbios.net /home/wolfgang/www/psi-web/enemies owlbear1.gif
2003.02.13 22:30 B I:\Wolfgang\PhantasyStar-Web\psi-web\enemies\pspbrwse.jbf --> synbios.net /home/wolfgang/www/psi-web/enemies pspbrwse.jbf
2003.02.13 22:30 B I:\Wolfgang\PhantasyStar-Web\psi-web\enemies\r-drgn1.gif --> synbios.net /home/wolfgang/www/psi-web/enemies r-drgn1.gif
2003.02.13 22:30 B I:\Wolfgang\PhantasyStar-Web\psi-web\enemies\rd-slim1.gif --> synbios.net /home/wolfgang/www/psi-web/enemies rd-slim1.gif
2003.02.13 22:30 B I:\Wolfgang\PhantasyStar-Web\psi-web\enemies\reaper1.gif --> synbios.net /home/wolfgang/www/psi-web/enemies reaper1.gif
2003.02.13 22:30 B I:\Wolfgang\PhantasyStar-Web\psi-web\enemies\robocop1.gif --> synbios.net /home/wolfgang/www/psi-web/enemies robocop1.gif
2003.02.13 22:30 B I:\Wolfgang\PhantasyStar-Web\psi-web\enemies\s.htm --> synbios.net /home/wolfgang/www/psi-web/enemies s.htm
2003.02.13 22:30 B I:\Wolfgang\PhantasyStar-Web\psi-web\enemies\sacubus1.gif --> synbios.net /home/wolfgang/www/psi-web/enemies sacubus1.gif
2003.02.13 22:30 B I:\Wolfgang\PhantasyStar-Web\psi-web\enemies\sandwrm1.gif --> synbios.net /home/wolfgang/www/psi-web/enemies sandwrm1.gif
2003.02.13 22:30 B I:\Wolfgang\PhantasyStar-Web\psi-web\enemies\scorpi1.gif --> synbios.net /home/wolfgang/www/psi-web/enemies scorpi1.gif
2003.02.13 22:30 B I:\Wolfgang\PhantasyStar-Web\psi-web\enemies\serpent1.gif --> synbios.net /home/wolfgang/www/psi-web/enemies serpent1.gif
2003.02.13 22:30 B I:\Wolfgang\PhantasyStar-Web\psi-web\enemies\shadow1.gif --> synbios.net /home/wolfgang/www/psi-web/enemies shadow1.gif
2003.02.13 22:30 B I:\Wolfgang\PhantasyStar-Web\psi-web\enemies\shell1.gif --> synbios.net /home/wolfgang/www/psi-web/enemies shell1.gif
2003.02.13 22:30 B I:\Wolfgang\PhantasyStar-Web\psi-web\enemies\skelet1.gif --> synbios.net /home/wolfgang/www/psi-web/enemies skelet1.gif
2003.02.13 22:30 B I:\Wolfgang\PhantasyStar-Web\psi-web\enemies\skull1.gif --> synbios.net /home/wolfgang/www/psi-web/enemies skull1.gif
2003.02.13 22:30 B I:\Wolfgang\PhantasyStar-Web\psi-web\enemies\sorcer1.gif --> synbios.net /home/wolfgang/www/psi-web/enemies sorcer1.gif
2003.02.13 22:31 B I:\Wolfgang\PhantasyStar-Web\psi-web\enemies\sphinx1.gif --> synbios.net /home/wolfgang/www/psi-web/enemies sphinx1.gif
2003.02.13 22:31 B I:\Wolfgang\PhantasyStar-Web\psi-web\enemies\stalker1.gif --> synbios.net /home/wolfgang/www/psi-web/enemies stalker1.gif
2003.02.13 22:31 B I:\Wolfgang\PhantasyStar-Web\psi-web\enemies\swarm1.gif --> synbios.net /home/wolfgang/www/psi-web/enemies swarm1.gif
2003.02.13 22:31 B I:\Wolfgang\PhantasyStar-Web\psi-web\enemies\t_z.htm --> synbios.net /home/wolfgang/www/psi-web/enemies t_z.htm
2003.02.13 22:31 B I:\Wolfgang\PhantasyStar-Web\psi-web\enemies\tarant1.gif --> synbios.net /home/wolfgang/www/psi-web/enemies tarant1.gif
2003.02.13 22:31 B I:\Wolfgang\PhantasyStar-Web\psi-web\enemies\tarzi1.gif --> synbios.net /home/wolfgang/www/psi-web/enemies tarzi1.gif
2003.02.13 22:31 B I:\Wolfgang\PhantasyStar-Web\psi-web\enemies\tentacl1.gif --> synbios.net /home/wolfgang/www/psi-web/enemies tentacl1.gif
2003.02.13 22:31 B I:\Wolfgang\PhantasyStar-Web\psi-web\enemies\titan1.gif --> synbios.net /home/wolfgang/www/psi-web/enemies titan1.gif
2003.02.13 22:31 B I:\Wolfgang\PhantasyStar-Web\psi-web\enemies\vampire1.gif --> synbios.net /home/wolfgang/www/psi-web/enemies vampire1.gif
2003.02.13 22:31 B I:\Wolfgang\PhantasyStar-Web\psi-web\enemies\w-drgn1.gif --> synbios.net /home/wolfgang/www/psi-web/enemies w-drgn1.gif
2003.02.13 22:31 B I:\Wolfgang\PhantasyStar-Web\psi-web\enemies\werebat1.gif --> synbios.net /home/wolfgang/www/psi-web/enemies werebat1.gif
2003.02.13 22:31 B I:\Wolfgang\PhantasyStar-Web\psi-web\enemies\wight1.gif --> synbios.net /home/wolfgang/www/psi-web/enemies wight1.gif
2003.02.13 22:31 B I:\Wolfgang\PhantasyStar-Web\psi-web\enemies\wingeye1.gif --> synbios.net /home/wolfgang/www/psi-web/enemies wingeye1.gif
2003.02.13 22:31 B I:\Wolfgang\PhantasyStar-Web\psi-web\enemies\wyvern1.gif --> synbios.net /home/wolfgang/www/psi-web/enemies wyvern1.gif
2003.02.13 22:31 B I:\Wolfgang\PhantasyStar-Web\psi-web\enemies\zombie1.gif --> synbios.net /home/wolfgang/www/psi-web/enemies zombie1.gif
